 ⚠ Warning: Next.js inferred your workspace root, but it may not be correct.
 We detected multiple lockfiles and selected the directory of /Users/guillaume_deramchi/package-lock.json as the root directory.
 To silence this warning, set `turbopack.root` in your Next.js config, or consider removing one of the lockfiles if it's not needed.
   See https://nextjs.org/docs/app/api-reference/config/next-config-js/turbopack#root-directory for more information.
 Detected additional lockfiles: 
   * /Users/guillaume_deramchi/Documents/hack-station-f/package-lock.json

   ▲ Next.js 16.0.3 (Turbopack)
   - Local:         http://localhost:3000
   - Network:       http://172.20.10.3:3000
   - Environments: .env.local

 ✓ Starting...
 ⚠ The "middleware" file convention is deprecated. Please use "proxy" instead. Learn more: https://nextjs.org/docs/messages/middleware-to-proxy
 ✓ Ready in 789ms
[next-auth][warn][DEBUG_ENABLED] 
https://next-auth.js.org/warnings#debug_enabled
 GET / 307 in 1531ms (compile: 1332ms, proxy.ts: 54ms, render: 145ms)
 GET /dashboard 404 in 207ms (compile: 175ms, proxy.ts: 4ms, render: 28ms)
[next-auth][warn][DEBUG_ENABLED] 
https://next-auth.js.org/warnings#debug_enabled
 GET /api/auth/session 200 in 674ms (compile: 659ms, render: 16ms)
 GET /api/auth/session 200 in 19ms (compile: 5ms, render: 14ms)
 GET /api/auth/session 200 in 24ms (compile: 9ms, render: 15ms)
 GET /dashboard 404 in 55ms (compile: 9ms, proxy.ts: 10ms, render: 36ms)
 GET /api/auth/session 200 in 10ms (compile: 3ms, render: 7ms)
 GET / 307 in 48ms (compile: 6ms, proxy.ts: 5ms, render: 37ms)
 GET /dashboard 404 in 23ms (compile: 2ms, proxy.ts: 3ms, render: 18ms)
 GET /api/auth/session 200 in 19ms (compile: 9ms, render: 9ms)
 ✓ Compiled in 25ms
