 ⚠ Warning: Next.js inferred your workspace root, but it may not be correct.
 We detected multiple lockfiles and selected the directory of /Users/guillaume_deramchi/package-lock.json as the root directory.
 To silence this warning, set `turbopack.root` in your Next.js config, or consider removing one of the lockfiles if it's not needed.
   See https://nextjs.org/docs/app/api-reference/config/next-config-js/turbopack#root-directory for more information.
 Detected additional lockfiles: 
   * /Users/guillaume_deramchi/Documents/hack-station-f/package-lock.json

   ▲ Next.js 16.0.3 (Turbopack)
   - Local:         http://localhost:3000
   - Network:       http://172.20.10.3:3000
   - Environments: .env.local, .env

 ✓ Starting...
 ⚠ The "middleware" file convention is deprecated. Please use "proxy" instead. Learn more: https://nextjs.org/docs/messages/middleware-to-proxy
 ✓ Ready in 589ms
 GET /dashboard/setup 200 in 1293ms (compile: 1137ms, proxy.ts: 60ms, render: 96ms)
[next-auth][warn][DEBUG_ENABLED] 
https://next-auth.js.org/warnings#debug_enabled
 GET /api/auth/session 200 in 673ms (compile: 656ms, render: 16ms)
 GET /api/auth/session 200 in 21ms (compile: 8ms, render: 14ms)
 GET /api/auth/session 200 in 31ms (compile: 15ms, render: 16ms)
 GET /api/auth/session 200 in 23ms (compile: 9ms, render: 14ms)
[next-auth][warn][DEBUG_ENABLED] 
https://next-auth.js.org/warnings#debug_enabled
 GET / 307 in 1071ms (compile: 857ms, render: 213ms)
 GET /dashboard 200 in 603ms (compile: 505ms, proxy.ts: 17ms, render: 81ms)
 GET /api/auth/session 200 in 20ms (compile: 5ms, render: 15ms)
 GET /api/analytics/overview 200 in 1980ms (compile: 563ms, render: 1417ms)
 GET /api/companies 200 in 2.3s (compile: 727ms, render: 1605ms)
 GET /api/auth/csrf 200 in 21ms (compile: 6ms, render: 15ms)
 POST /api/auth/signout 200 in 15ms (compile: 2ms, render: 13ms)
 GET /login 200 in 1309ms (compile: 1034ms, render: 276ms)
 GET /api/auth/session 200 in 17ms (compile: 8ms, render: 9ms)
 GET /api/auth/providers 200 in 15ms (compile: 6ms, render: 9ms)
 GET /api/auth/csrf 200 in 9ms (compile: 2ms, render: 6ms)
 POST /api/auth/callback/credentials 200 in 2.1s (compile: 3ms, render: 2.1s)
 GET /api/auth/session 200 in 19ms (compile: 6ms, render: 13ms)
 GET / 200 in 22ms (compile: 4ms, render: 18ms)
 GET / 200 in 38ms (compile: 2ms, render: 35ms)
 GET /dashboard 200 in 124ms (compile: 10ms, proxy.ts: 10ms, render: 104ms)
 GET /dashboard 200 in 122ms (compile: 30ms, proxy.ts: 9ms, render: 83ms)
 GET /api/companies 200 in 309ms (compile: 4ms, render: 304ms)
 GET /api/analytics/overview 200 in 477ms (compile: 6ms, render: 471ms)
 GET /api/analytics/overview 200 in 982ms (compile: 17ms, render: 965ms)
 GET /api/companies 200 in 986ms (compile: 13ms, render: 973ms)
 GET /dashboard/settings 200 in 652ms (compile: 620ms, proxy.ts: 6ms, render: 26ms)
 GET /api/companies 200 in 156ms (compile: 2ms, render: 153ms)
 GET /api/companies 200 in 576ms (compile: 2ms, render: 573ms)
 GET /api/auth/csrf 200 in 21ms (compile: 11ms, render: 10ms)
 POST /api/auth/signout 200 in 14ms (compile: 3ms, render: 11ms)
 GET /login 200 in 85ms (compile: 3ms, render: 82ms)
 GET /api/auth/session 200 in 11ms (compile: 3ms, render: 8ms)
 GET /register 200 in 658ms (compile: 616ms, render: 42ms)
 POST /api/auth/register 201 in 1801ms (compile: 459ms, render: 1342ms)
 GET /api/auth/providers 200 in 15ms (compile: 8ms, render: 8ms)
 GET /api/auth/csrf 200 in 8ms (compile: 2ms, render: 5ms)
 POST /api/auth/callback/credentials 200 in 532ms (compile: 4ms, render: 528ms)
 GET /api/auth/session 200 in 15ms (compile: 5ms, render: 10ms)
 GET / 200 in 29ms (compile: 3ms, render: 26ms)
 GET / 200 in 41ms (compile: 4ms, render: 37ms)
 GET /dashboard 200 in 104ms (compile: 9ms, proxy.ts: 16ms, render: 80ms)
 GET /dashboard 200 in 97ms (compile: 28ms, proxy.ts: 12ms, render: 57ms)
 GET /api/companies 200 in 195ms (compile: 6ms, render: 190ms)
 GET /dashboard/setup 200 in 33ms (compile: 6ms, proxy.ts: 7ms, render: 20ms)
 GET /api/companies 200 in 243ms (compile: 8ms, render: 235ms)
 GET /dashboard/setup 200 in 28ms (compile: 4ms, proxy.ts: 7ms, render: 17ms)
 GET /api/analytics/overview 200 in 284ms (compile: 9ms, render: 275ms)
 GET /api/analytics/overview 200 in 407ms (compile: 5ms, render: 403ms)
 GET /api/auth/session 200 in 44ms (compile: 34ms, render: 10ms)
 GET /api/auth/session 200 in 28ms (compile: 18ms, render: 10ms)
Finding leads with AI for campaign: cmi0gq5pw0006el84dhubr9wd
⚠️  Cannot make Twilio call in development with localhost URL
   To test calls, use ngrok or deploy to production
   Marking call as "simulated" for development
Twilio error: Error [PrismaClientValidationError]: 
Invalid `__TURBOPACK__imported__module__$5b$project$5d2f$Documents$2f$hack$2d$station$2d$f$2f$src$2f$lib$2f$prisma$2e$ts__$5b$app$2d$route$5d$__$28$ecmascript$29$__["prisma"].call.update()` invocation in
/Users/guillaume_deramchi/Documents/hack-station-f/.next/dev/server/chunks/[root-of-the-server]__489bcdef._.js:697:198

  694 console.warn('   To test calls, use ngrok or deploy to production');
  695 console.warn('   Marking call as "simulated" for development');
  696 // Update call session to simulated status
→ 697 await __TURBOPACK__imported__module__$5b$project$5d2f$Documents$2f$hack$2d$station$2d$f$2f$src$2f$lib$2f$prisma$2e$ts__$5b$app$2d$route$5d$__$28$ecmascript$29$__["prisma"].call.update({
        where: {
          id: "cmi0gq60h000ael846ymyzdyp"
        },
        data: {
          status: "completed",
          duration: 0,
          notes: "Simulated call - localhost URL cannot be used with Twilio. Use ngrok or production URL for real calls.",
          ~~~~~
      ?   id?: String | StringFieldUpdateOperationsInput,
      ?   twilioCallSid?: String | NullableStringFieldUpdateOperationsInput | Null,
      ?   fromNumber?: String | StringFieldUpdateOperationsInput,
      ?   toNumber?: String | StringFieldUpdateOperationsInput,
      ?   direction?: String | StringFieldUpdateOperationsInput,
      ?   recordingUrl?: String | NullableStringFieldUpdateOperationsInput | Null,
      ?   recordingSid?: String | NullableStringFieldUpdateOperationsInput | Null,
      ?   cost?: String | NullableStringFieldUpdateOperationsInput | Null,
      ?   errorCode?: String | NullableStringFieldUpdateOperationsInput | Null,
      ?   errorMessage?: String | NullableStringFieldUpdateOperationsInput | Null,
      ?   answeredBy?: String | NullableStringFieldUpdateOperationsInput | Null,
      ?   startedAt?: DateTime | NullableDateTimeFieldUpdateOperationsInput | Null,
      ?   endedAt?: DateTime | NullableDateTimeFieldUpdateOperationsInput | Null,
      ?   metadata?: NullableJsonNullValueInput | Json,
      ?   createdAt?: DateTime | DateTimeFieldUpdateOperationsInput,
      ?   updatedAt?: DateTime | DateTimeFieldUpdateOperationsInput,
      ?   campaign?: CampaignUpdateOneRequiredWithoutCallsNestedInput,
      ?   prospect?: ProspectUpdateOneRequiredWithoutCallsNestedInput
        }
      })

Unknown argument `notes`. Available options are marked with ?.
    at <unknown> (src/app/api/setup/complete/route.ts:170:29)
    at async POST (src/app/api/setup/complete/route.ts:170:11)
  168 |           
  169 |           // Update call session to simulated status
> 170 |           await prisma.call.update({
      |                             ^
  171 |             where: { id: callSession.id },
  172 |             data: { 
  173 |               status: 'completed', {
  clientVersion: '6.19.0'
}
Setup error: Error [PrismaClientValidationError]: 
Invalid `__TURBOPACK__imported__module__$5b$project$5d2f$Documents$2f$hack$2d$station$2d$f$2f$src$2f$lib$2f$prisma$2e$ts__$5b$app$2d$route$5d$__$28$ecmascript$29$__["prisma"].call.update()` invocation in
/Users/guillaume_deramchi/Documents/hack-station-f/.next/dev/server/chunks/[root-of-the-server]__489bcdef._.js:755:194

  752 } catch (twilioError) {
  753     console.error('Twilio error:', twilioError);
  754     // Update call session with error
→ 755     await __TURBOPACK__imported__module__$5b$project$5d2f$Documents$2f$hack$2d$station$2d$f$2f$src$2f$lib$2f$prisma$2e$ts__$5b$app$2d$route$5d$__$28$ecmascript$29$__["prisma"].call.update({
            where: {
              id: "cmi0gq60h000ael846ymyzdyp"
            },
            data: {
              status: "failed",
              notes: "Twilio error: \nInvalid `__TURBOPACK__imported__module__$5b$project$5d2f$Documents$2f$hack$2d$station$2d$f$2f$src$2f$lib$2f$prisma$2e$ts__$5b$app$2d$route$5d$__$28$ecmascript$29$__[\"prisma\"].call.update()` invocation in\n/Users/guillaume_deramchi/Documents/hack-station-f/.next/dev/server/chunks/[root-of-the-server]__489bcdef._.js:697:198\n\n  694 console.warn('   To test calls, use ngrok or deploy to production');\n  695 console.warn('   Marking call as \"simulated\" for development');\n  696 // Update call session to simulated status\n→ 697 await __TURBOPACK__imported__module__$5b$project$5d2f$Documents$2f$hack$2d$station$2d$f$2f$src$2f$lib$2f$prisma$2e$ts__$5b$app$2d$route$5d$__$28$ecmascript$29$__[\"prisma\"].call.update({\n        where: {\n          id: \"cmi0gq60h000ael846ymyzdyp\"\n        },\n        data: {\n          status: \"completed\",\n          duration: 0,\n          notes: \"Simulated call - localhost URL cannot be used with Twilio. Use ngrok or production URL for real calls.\",\n          ~~~~~\n      ?   id?: String | StringFieldUpdateOperationsInput,\n      ?   twilioCallSid?: String | NullableStringFieldUpdateOperationsInput | Null,\n      ?   fromNumber?: String | StringFieldUpdateOperationsInput,\n      ?   toNumber?: String | StringFieldUpdateOperationsInput,\n      ?   direction?: String | StringFieldUpdateOperationsInput,\n      ?   recordingUrl?: String | NullableStringFieldUpdateOperationsInput | Null,\n      ?   recordingSid?: String | NullableStringFieldUpdateOperationsInput | Null,\n      ?   cost?: String | NullableStringFieldUpdateOperationsInput | Null,\n      ?   errorCode?: String | NullableStringFieldUpdateOperationsInput | Null,\n      ?   errorMessage?: String | NullableStringFieldUpdateOperationsInput | Null,\n      ?   answeredBy?: String | NullableStringFieldUpdateOperationsInput | Null,\n      ?   startedAt?: DateTime | NullableDateTimeFieldUpdateOperationsInput | Null,\n      ?   endedAt?: DateTime | NullableDateTimeFieldUpdateOperationsInput | Null,\n      ?   metadata?: NullableJsonNullValueInput | Json,\n      ?   createdAt?: DateTime | DateTimeFieldUpdateOperationsInput,\n      ?   updatedAt?: DateTime | DateTimeFieldUpdateOperationsInput,\n      ?   campaign?: CampaignUpdateOneRequiredWithoutCallsNestedInput,\n      ?   prospect?: ProspectUpdateOneRequiredWithoutCallsNestedInput\n        }\n      })\n\nUnknown argument `notes`. Available options are marked with ?.",
              ~~~~~
          ?   id?: String | StringFieldUpdateOperationsInput,
          ?   twilioCallSid?: String | NullableStringFieldUpdateOperationsInput | Null,
          ?   fromNumber?: String | StringFieldUpdateOperationsInput,
          ?   toNumber?: String | StringFieldUpdateOperationsInput,
          ?   direction?: String | StringFieldUpdateOperationsInput,
          ?   duration?: Int | NullableIntFieldUpdateOperationsInput | Null,
          ?   recordingUrl?: String | NullableStringFieldUpdateOperationsInput | Null,
          ?   recordingSid?: String | NullableStringFieldUpdateOperationsInput | Null,
          ?   cost?: String | NullableStringFieldUpdateOperationsInput | Null,
          ?   errorCode?: String | NullableStringFieldUpdateOperationsInput | Null,
          ?   errorMessage?: String | NullableStringFieldUpdateOperationsInput | Null,
          ?   answeredBy?: String | NullableStringFieldUpdateOperationsInput | Null,
          ?   startedAt?: DateTime | NullableDateTimeFieldUpdateOperationsInput | Null,
          ?   endedAt?: DateTime | NullableDateTimeFieldUpdateOperationsInput | Null,
          ?   metadata?: NullableJsonNullValueInput | Json,
          ?   createdAt?: DateTime | DateTimeFieldUpdateOperationsInput,
          ?   updatedAt?: DateTime | DateTimeFieldUpdateOperationsInput,
          ?   campaign?: CampaignUpdateOneRequiredWithoutCallsNestedInput,
          ?   prospect?: ProspectUpdateOneRequiredWithoutCallsNestedInput
            }
          })

Unknown argument `notes`. Available options are marked with ?.
    at <unknown> (src/app/api/setup/complete/route.ts:217:27)
    at async POST (src/app/api/setup/complete/route.ts:217:9)
  215 |         
  216 |         // Update call session with error
> 217 |         await prisma.call.update({
      |                           ^
  218 |           where: { id: callSession.id },
  219 |           data: { 
  220 |             status: 'failed', {
  clientVersion: '6.19.0'
}
Error stack: PrismaClientValidationError: 
Invalid `__TURBOPACK__imported__module__$5b$project$5d2f$Documents$2f$hack$2d$station$2d$f$2f$src$2f$lib$2f$prisma$2e$ts__$5b$app$2d$route$5d$__$28$ecmascript$29$__["prisma"].call.update()` invocation in
/Users/guillaume_deramchi/Documents/hack-station-f/.next/dev/server/chunks/[root-of-the-server]__489bcdef._.js:755:194

  752 } catch (twilioError) {
  753     console.error('Twilio error:', twilioError);
  754     // Update call session with error
→ 755     await __TURBOPACK__imported__module__$5b$project$5d2f$Documents$2f$hack$2d$station$2d$f$2f$src$2f$lib$2f$prisma$2e$ts__$5b$app$2d$route$5d$__$28$ecmascript$29$__["prisma"].call.update({
            where: {
              id: "cmi0gq60h000ael846ymyzdyp"
            },
            data: {
              status: "failed",
              notes: "Twilio error: \nInvalid `__TURBOPACK__imported__module__$5b$project$5d2f$Documents$2f$hack$2d$station$2d$f$2f$src$2f$lib$2f$prisma$2e$ts__$5b$app$2d$route$5d$__$28$ecmascript$29$__[\"prisma\"].call.update()` invocation in\n/Users/guillaume_deramchi/Documents/hack-station-f/.next/dev/server/chunks/[root-of-the-server]__489bcdef._.js:697:198\n\n  694 console.warn('   To test calls, use ngrok or deploy to production');\n  695 console.warn('   Marking call as \"simulated\" for development');\n  696 // Update call session to simulated status\n→ 697 await __TURBOPACK__imported__module__$5b$project$5d2f$Documents$2f$hack$2d$station$2d$f$2f$src$2f$lib$2f$prisma$2e$ts__$5b$app$2d$route$5d$__$28$ecmascript$29$__[\"prisma\"].call.update({\n        where: {\n          id: \"cmi0gq60h000ael846ymyzdyp\"\n        },\n        data: {\n          status: \"completed\",\n          duration: 0,\n          notes: \"Simulated call - localhost URL cannot be used with Twilio. Use ngrok or production URL for real calls.\",\n          ~~~~~\n      ?   id?: String | StringFieldUpdateOperationsInput,\n      ?   twilioCallSid?: String | NullableStringFieldUpdateOperationsInput | Null,\n      ?   fromNumber?: String | StringFieldUpdateOperationsInput,\n      ?   toNumber?: String | StringFieldUpdateOperationsInput,\n      ?   direction?: String | StringFieldUpdateOperationsInput,\n      ?   recordingUrl?: String | NullableStringFieldUpdateOperationsInput | Null,\n      ?   recordingSid?: String | NullableStringFieldUpdateOperationsInput | Null,\n      ?   cost?: String | NullableStringFieldUpdateOperationsInput | Null,\n      ?   errorCode?: String | NullableStringFieldUpdateOperationsInput | Null,\n      ?   errorMessage?: String | NullableStringFieldUpdateOperationsInput | Null,\n      ?   answeredBy?: String | NullableStringFieldUpdateOperationsInput | Null,\n      ?   startedAt?: DateTime | NullableDateTimeFieldUpdateOperationsInput | Null,\n      ?   endedAt?: DateTime | NullableDateTimeFieldUpdateOperationsInput | Null,\n      ?   metadata?: NullableJsonNullValueInput | Json,\n      ?   createdAt?: DateTime | DateTimeFieldUpdateOperationsInput,\n      ?   updatedAt?: DateTime | DateTimeFieldUpdateOperationsInput,\n      ?   campaign?: CampaignUpdateOneRequiredWithoutCallsNestedInput,\n      ?   prospect?: ProspectUpdateOneRequiredWithoutCallsNestedInput\n        }\n      })\n\nUnknown argument `notes`. Available options are marked with ?.",
              ~~~~~
          ?   id?: String | StringFieldUpdateOperationsInput,
          ?   twilioCallSid?: String | NullableStringFieldUpdateOperationsInput | Null,
          ?   fromNumber?: String | StringFieldUpdateOperationsInput,
          ?   toNumber?: String | StringFieldUpdateOperationsInput,
          ?   direction?: String | StringFieldUpdateOperationsInput,
          ?   duration?: Int | NullableIntFieldUpdateOperationsInput | Null,
          ?   recordingUrl?: String | NullableStringFieldUpdateOperationsInput | Null,
          ?   recordingSid?: String | NullableStringFieldUpdateOperationsInput | Null,
          ?   cost?: String | NullableStringFieldUpdateOperationsInput | Null,
          ?   errorCode?: String | NullableStringFieldUpdateOperationsInput | Null,
          ?   errorMessage?: String | NullableStringFieldUpdateOperationsInput | Null,
          ?   answeredBy?: String | NullableStringFieldUpdateOperationsInput | Null,
          ?   startedAt?: DateTime | NullableDateTimeFieldUpdateOperationsInput | Null,
          ?   endedAt?: DateTime | NullableDateTimeFieldUpdateOperationsInput | Null,
          ?   metadata?: NullableJsonNullValueInput | Json,
          ?   createdAt?: DateTime | DateTimeFieldUpdateOperationsInput,
          ?   updatedAt?: DateTime | DateTimeFieldUpdateOperationsInput,
          ?   campaign?: CampaignUpdateOneRequiredWithoutCallsNestedInput,
          ?   prospect?: ProspectUpdateOneRequiredWithoutCallsNestedInput
            }
          })

Unknown argument `notes`. Available options are marked with ?.
    at Nn (/Users/guillaume_deramchi/Documents/hack-station-f/node_modules/@prisma/client/runtime/library.js:29:1363)
    at ei.handleRequestError (/Users/guillaume_deramchi/Documents/hack-station-f/node_modules/@prisma/client/runtime/library.js:121:6911)
    at ei.handleAndLogRequestError (/Users/guillaume_deramchi/Documents/hack-station-f/node_modules/@prisma/client/runtime/library.js:121:6593)
    at ei.request (/Users/guillaume_deramchi/Documents/hack-station-f/node_modules/@prisma/client/runtime/library.js:121:6300)
    at async a (/Users/guillaume_deramchi/Documents/hack-station-f/node_modules/@prisma/client/runtime/library.js:130:9551)
    at async POST (/Users/guillaume_deramchi/Documents/hack-station-f/.next/dev/server/chunks/[root-of-the-server]__489bcdef._.js:755:17)
    at async AppRouteRouteModule.do (/Users/guillaume_deramchi/Documents/hack-station-f/node_modules/next/dist/compiled/next-server/app-route-turbo.runtime.dev.js:5:37789)
    at async AppRouteRouteModule.handle (/Users/guillaume_deramchi/Documents/hack-station-f/node_modules/next/dist/compiled/next-server/app-route-turbo.runtime.dev.js:5:45045)
    at async responseGenerator (/Users/guillaume_deramchi/Documents/hack-station-f/.next/dev/server/chunks/a6496_next_5db7c4f8._.js:15485:38)
    at async AppRouteRouteModule.handleResponse (/Users/guillaume_deramchi/Documents/hack-station-f/node_modules/next/dist/compiled/next-server/app-route-turbo.runtime.dev.js:1:187851)
    at async handleResponse (/Users/guillaume_deramchi/Documents/hack-station-f/.next/dev/server/chunks/a6496_next_5db7c4f8._.js:15547:32)
    at async handler (/Users/guillaume_deramchi/Documents/hack-station-f/.next/dev/server/chunks/a6496_next_5db7c4f8._.js:15600:13)
    at async DevServer.renderToResponseWithComponentsImpl (/Users/guillaume_deramchi/Documents/hack-station-f/node_modules/next/dist/server/base-server.js:1413:9)
    at async DevServer.renderPageComponent (/Users/guillaume_deramchi/Documents/hack-station-f/node_modules/next/dist/server/base-server.js:1465:24)
    at async DevServer.renderToResponseImpl (/Users/guillaume_deramchi/Documents/hack-station-f/node_modules/next/dist/server/base-server.js:1515:32)
    at async DevServer.pipeImpl (/Users/guillaume_deramchi/Documents/hack-station-f/node_modules/next/dist/server/base-server.js:1021:25)
    at async NextNodeServer.handleCatchallRenderRequest (/Users/guillaume_deramchi/Documents/hack-station-f/node_modules/next/dist/server/next-server.js:394:17)
    at async DevServer.handleRequestImpl (/Users/guillaume_deramchi/Documents/hack-station-f/node_modules/next/dist/server/base-server.js:912:17)
    at async /Users/guillaume_deramchi/Documents/hack-station-f/node_modules/next/dist/server/dev/next-dev-server.js:382:20
    at async Span.traceAsyncFn (/Users/guillaume_deramchi/Documents/hack-station-f/node_modules/next/dist/trace/trace.js:157:20)
    at async DevServer.handleRequest (/Users/guillaume_deramchi/Documents/hack-station-f/node_modules/next/dist/server/dev/next-dev-server.js:378:24)
    at async invokeRender (/Users/guillaume_deramchi/Documents/hack-station-f/node_modules/next/dist/server/lib/router-server.js:240:21)
    at async handleRequest (/Users/guillaume_deramchi/Documents/hack-station-f/node_modules/next/dist/server/lib/router-server.js:436:24)
    at async requestHandlerImpl (/Users/guillaume_deramchi/Documents/hack-station-f/node_modules/next/dist/server/lib/router-server.js:484:13)
    at async Server.requestListener (/Users/guillaume_deramchi/Documents/hack-station-f/node_modules/next/dist/server/lib/start-server.js:226:13)
Error details: {
  message: '\n' +
    'Invalid `__TURBOPACK__imported__module__$5b$project$5d2f$Documents$2f$hack$2d$station$2d$f$2f$src$2f$lib$2f$prisma$2e$ts__$5b$app$2d$route$5d$__$28$ecmascript$29$__["prisma"].call.update()` invocation in\n' +
    '/Users/guillaume_deramchi/Documents/hack-station-f/.next/dev/server/chunks/[root-of-the-server]__489bcdef._.js:755:194\n' +
    '\n' +
    '  752 } catch (twilioError) {\n' +
    "  753     console.error('Twilio error:', twilioError);\n" +
    '  754     // Update call session with error\n' +
    '→ 755     await __TURBOPACK__imported__module__$5b$project$5d2f$Documents$2f$hack$2d$station$2d$f$2f$src$2f$lib$2f$prisma$2e$ts__$5b$app$2d$route$5d$__$28$ecmascript$29$__["prisma"].call.update({\n' +
    '            where: {\n' +
    '              id: "cmi0gq60h000ael846ymyzdyp"\n' +
    '            },\n' +
    '            data: {\n' +
    '              status: "failed",\n' +
    '              notes: "Twilio error: \\nInvalid `__TURBOPACK__imported__module__$5b$project$5d2f$Documents$2f$hack$2d$station$2d$f$2f$src$2f$lib$2f$prisma$2e$ts__$5b$app$2d$route$5d$__$28$ecmascript$29$__[\\"prisma\\"].call.update()` invocation in\\n/Users/guillaume_deramchi/Documents/hack-station-f/.next/dev/server/chunks/[root-of-the-server]__489bcdef._.js:697:198\\n\\n  694 console.warn(\'   To test calls, use ngrok or deploy to production\');\\n  695 console.warn(\'   Marking call as \\"simulated\\" for development\');\\n  696 // Update call session to simulated status\\n→ 697 await __TURBOPACK__imported__module__$5b$project$5d2f$Documents$2f$hack$2d$station$2d$f$2f$src$2f$lib$2f$prisma$2e$ts__$5b$app$2d$route$5d$__$28$ecmascript$29$__[\\"prisma\\"].call.update({\\n        where: {\\n          id: \\"cmi0gq60h000ael846ymyzdyp\\"\\n        },\\n        data: {\\n          status: \\"completed\\",\\n          duration: 0,\\n          notes: \\"Simulated call - localhost URL cannot be used with Twilio. Use ngrok or production URL for real calls.\\",\\n          ~~~~~\\n      ?   id?: String | StringFieldUpdateOperationsInput,\\n      ?   twilioCallSid?: String | NullableStringFieldUpdateOperationsInput | Null,\\n      ?   fromNumber?: String | StringFieldUpdateOperationsInput,\\n      ?   toNumber?: String | StringFieldUpdateOperationsInput,\\n      ?   direction?: String | StringFieldUpdateOperationsInput,\\n      ?   recordingUrl?: String | NullableStringFieldUpdateOperationsInput | Null,\\n      ?   recordingSid?: String | NullableStringFieldUpdateOperationsInput | Null,\\n      ?   cost?: String | NullableStringFieldUpdateOperationsInput | Null,\\n      ?   errorCode?: String | NullableStringFieldUpdateOperationsInput | Null,\\n      ?   errorMessage?: String | NullableStringFieldUpdateOperationsInput | Null,\\n      ?   answeredBy?: String | NullableStringFieldUpdateOperationsInput | Null,\\n      ?   startedAt?: DateTime | NullableDateTimeFieldUpdateOperationsInput | Null,\\n      ?   endedAt?: DateTime | NullableDateTimeFieldUpdateOperationsInput | Null,\\n      ?   metadata?: NullableJsonNullValueInput | Json,\\n      ?   createdAt?: DateTime | DateTimeFieldUpdateOperationsInput,\\n      ?   updatedAt?: DateTime | DateTimeFieldUpdateOperationsInput,\\n      ?   campaign?: CampaignUpdateOneRequiredWithoutCallsNestedInput,\\n      ?   prospect?: ProspectUpdateOneRequiredWithoutCallsNestedInput\\n        }\\n      })\\n\\nUnknown argument `notes`. Available options are marked with ?.",\n' +
    '              ~~~~~\n' +
    '          ?   id?: String | StringFieldUpdateOperationsInput,\n' +
    '          ?   twilioCallSid?: String | NullableStringFieldUpdateOperationsInput | Null,\n' +
    '          ?   fromNumber?: String | StringFieldUpdateOperationsInput,\n' +
    '          ?   toNumber?: String | StringFieldUpdateOperationsInput,\n' +
    '          ?   direction?: String | StringFieldUpdateOperationsInput,\n' +
    '          ?   duration?: Int | NullableIntFieldUpdateOperationsInput | Null,\n' +
    '          ?   recordingUrl?: String | NullableStringFieldUpdateOperationsInput | Null,\n' +
    '          ?   recordingSid?: String | NullableStringFieldUpdateOperationsInput | Null,\n' +
    '          ?   cost?: String | NullableStringFieldUpdateOperationsInput | Null,\n' +
    '          ?   errorCode?: String | NullableStringFieldUpdateOperationsInput | Null,\n' +
    '          ?   errorMessage?: String | NullableStringFieldUpdateOperationsInput | Null,\n' +
    '          ?   answeredBy?: String | NullableStringFieldUpdateOperationsInput | Null,\n' +
    '          ?   startedAt?: DateTime | NullableDateTimeFieldUpdateOperationsInput | Null,\n' +
    '          ?   endedAt?: DateTime | NullableDateTimeFieldUpdateOperationsInput | Null,\n' +
    '          ?   metadata?: NullableJsonNullValueInput | Json,\n' +
    '          ?   createdAt?: DateTime | DateTimeFieldUpdateOperationsInput,\n' +
    '          ?   updatedAt?: DateTime | DateTimeFieldUpdateOperationsInput,\n' +
    '          ?   campaign?: CampaignUpdateOneRequiredWithoutCallsNestedInput,\n' +
    '          ?   prospect?: ProspectUpdateOneRequiredWithoutCallsNestedInput\n' +
    '            }\n' +
    '          })\n' +
    '\n' +
    'Unknown argument `notes`. Available options are marked with ?.',
  code: undefined,
  meta: undefined,
  name: 'PrismaClientValidationError'
}
 POST /api/setup/complete 500 in 12.5s (compile: 963ms, render: 11.6s)
Error finding leads with AI: SyntaxError: Unexpected token 'I', "I apprecia"... is not valid JSON
    at JSON.parse (<anonymous>)
    at findLeadsWithAI (src/lib/ai/lead-finder.ts:103:37)
    at async findAndAddLeads (src/app/api/setup/complete/route.ts:278:19)
  101 |
  102 |     // Parse the leads
> 103 |     const leads: FoundLead[] = JSON.parse(jsonContent);
      |                                     ^
  104 |
  105 |     // Validate and clean the data
  106 |     const validLeads = leads.filter(lead => 
Found 1 leads with AI
Successfully added 1 AI-found leads to campaign cmi0gq5pw0006el84dhubr9wd
