 ⚠ Warning: Next.js inferred your workspace root, but it may not be correct.
 We detected multiple lockfiles and selected the directory of /Users/guillaume_deramchi/package-lock.json as the root directory.
 To silence this warning, set `turbopack.root` in your Next.js config, or consider removing one of the lockfiles if it's not needed.
   See https://nextjs.org/docs/app/api-reference/config/next-config-js/turbopack#root-directory for more information.
 Detected additional lockfiles: 
   * /Users/guillaume_deramchi/Documents/hack-station-f/package-lock.json

   ▲ Next.js 16.0.3 (Turbopack)
   - Local:         http://localhost:3000
   - Network:       http://172.20.10.3:3000
   - Environments: .env.local

 ✓ Starting...
 ⚠ The "middleware" file convention is deprecated. Please use "proxy" instead. Learn more: https://nextjs.org/docs/messages/middleware-to-proxy
 ✓ Ready in 542ms
 GET /dashboard 200 in 1509ms (compile: 1290ms, proxy.ts: 48ms, render: 171ms)
[next-auth][warn][DEBUG_ENABLED] 
https://next-auth.js.org/warnings#debug_enabled
 GET /api/auth/session 200 in 672ms (compile: 656ms, render: 16ms)
 GET /api/auth/session 200 in 13ms (compile: 6ms, render: 7ms)
 ⨯ ./Documents/hack-station-f/src/lib/pdf-extractor.ts:1:1
Export default doesn't exist in target module
[0m[31m[1m>[22m[39m[90m 1 |[39m [36mimport[39m pdf [36mfrom[39m [32m'pdf-parse'[39m[33m;[39m
 [90m   |[39m [31m[1m^[22m[39m[31m[1m^[22m[39m[31m[1m^[22m[39m[31m[1m^[22m[39m[31m[1m^[22m[39m[31m[1m^[22m[39m[31m[1m^[22m[39m[31m[1m^[22m[39m[31m[1m^[22m[39m[31m[1m^[22m[39m[31m[1m^[22m[39m[31m[1m^[22m[39m[31m[1m^[22m[39m[31m[1m^[22m[39m[31m[1m^[22m[39m[31m[1m^[22m[39m[31m[1m^[22m[39m[31m[1m^[22m[39m[31m[1m^[22m[39m[31m[1m^[22m[39m[31m[1m^[22m[39m[31m[1m^[22m[39m[31m[1m^[22m[39m[31m[1m^[22m[39m[31m[1m^[22m[39m[31m[1m^[22m[39m[31m[1m^[22m[39m[31m[1m^[22m[39m
 [90m 2 |[39m
 [90m 3 |[39m [36mexport[39m [36minterface[39m [33mPDFExtractionResult[39m {
 [90m 4 |[39m   text[33m:[39m string[33m;[39m[0m

The export default was not found in module [project]/Documents/hack-station-f/node_modules/pdf-parse/dist/pdf-parse/esm/index.js [app-ssr] (ecmascript).
Did you mean to import Rectangle?
All exports of the module are statically known (It doesn't have dynamic exports). So it's known statically that the requested export doesn't exist.

Import traces:
  Client Component Browser:
    ./Documents/hack-station-f/src/lib/pdf-extractor.ts [Client Component Browser]
    ./Documents/hack-station-f/src/components/onboarding/KnowledgeSourceStep.tsx [Client Component Browser]
    ./Documents/hack-station-f/src/app/(dashboard)/onboarding/page.tsx [Client Component Browser]
    ./Documents/hack-station-f/src/app/(dashboard)/onboarding/page.tsx [Server Component]

  Client Component SSR:
    ./Documents/hack-station-f/src/lib/pdf-extractor.ts [Client Component SSR]
    ./Documents/hack-station-f/src/components/onboarding/KnowledgeSourceStep.tsx [Client Component SSR]
    ./Documents/hack-station-f/src/app/(dashboard)/onboarding/page.tsx [Client Component SSR]
    ./Documents/hack-station-f/src/app/(dashboard)/onboarding/page.tsx [Server Component]



./Documents/hack-station-f/src/lib/pdf-extractor.ts:1:1
Export default doesn't exist in target module
[0m[31m[1m>[22m[39m[90m 1 |[39m [36mimport[39m pdf [36mfrom[39m [32m'pdf-parse'[39m[33m;[39m
 [90m   |[39m [31m[1m^[22m[39m[31m[1m^[22m[39m[31m[1m^[22m[39m[31m[1m^[22m[39m[31m[1m^[22m[39m[31m[1m^[22m[39m[31m[1m^[22m[39m[31m[1m^[22m[39m[31m[1m^[22m[39m[31m[1m^[22m[39m[31m[1m^[22m[39m[31m[1m^[22m[39m[31m[1m^[22m[39m[31m[1m^[22m[39m[31m[1m^[22m[39m[31m[1m^[22m[39m[31m[1m^[22m[39m[31m[1m^[22m[39m[31m[1m^[22m[39m[31m[1m^[22m[39m[31m[1m^[22m[39m[31m[1m^[22m[39m[31m[1m^[22m[39m[31m[1m^[22m[39m[31m[1m^[22m[39m[31m[1m^[22m[39m[31m[1m^[22m[39m[31m[1m^[22m[39m
 [90m 2 |[39m
 [90m 3 |[39m [36mexport[39m [36minterface[39m [33mPDFExtractionResult[39m {
 [90m 4 |[39m   text[33m:[39m string[33m;[39m[0m

The export default was not found in module [project]/Documents/hack-station-f/node_modules/pdf-parse/dist/pdf-parse/web/pdf-parse.es.js [app-client] (ecmascript).
Did you mean to import Rectangle?
All exports of the module are statically known (It doesn't have dynamic exports). So it's known statically that the requested export doesn't exist.

Import traces:
  Client Component Browser:
    ./Documents/hack-station-f/src/lib/pdf-extractor.ts [Client Component Browser]
    ./Documents/hack-station-f/src/components/onboarding/KnowledgeSourceStep.tsx [Client Component Browser]
    ./Documents/hack-station-f/src/app/(dashboard)/onboarding/page.tsx [Client Component Browser]
    ./Documents/hack-station-f/src/app/(dashboard)/onboarding/page.tsx [Server Component]

  Client Component SSR:
    ./Documents/hack-station-f/src/lib/pdf-extractor.ts [Client Component SSR]
    ./Documents/hack-station-f/src/components/onboarding/KnowledgeSourceStep.tsx [Client Component SSR]
    ./Documents/hack-station-f/src/app/(dashboard)/onboarding/page.tsx [Client Component SSR]
    ./Documents/hack-station-f/src/app/(dashboard)/onboarding/page.tsx [Server Component]


 GET /onboarding 500 in 1264ms (compile: 1203ms, render: 61ms)
 ⨯ ./Documents/hack-station-f/src/lib/pdf-extractor.ts:1:1
Export default doesn't exist in target module
[0m[31m[1m>[22m[39m[90m 1 |[39m [36mimport[39m pdf [36mfrom[39m [32m'pdf-parse'[39m[33m;[39m
 [90m   |[39m [31m[1m^[22m[39m[31m[1m^[22m[39m[31m[1m^[22m[39m[31m[1m^[22m[39m[31m[1m^[22m[39m[31m[1m^[22m[39m[31m[1m^[22m[39m[31m[1m^[22m[39m[31m[1m^[22m[39m[31m[1m^[22m[39m[31m[1m^[22m[39m[31m[1m^[22m[39m[31m[1m^[22m[39m[31m[1m^[22m[39m[31m[1m^[22m[39m[31m[1m^[22m[39m[31m[1m^[22m[39m[31m[1m^[22m[39m[31m[1m^[22m[39m[31m[1m^[22m[39m[31m[1m^[22m[39m[31m[1m^[22m[39m[31m[1m^[22m[39m[31m[1m^[22m[39m[31m[1m^[22m[39m[31m[1m^[22m[39m[31m[1m^[22m[39m[31m[1m^[22m[39m
 [90m 2 |[39m
 [90m 3 |[39m [36mexport[39m [36minterface[39m [33mPDFExtractionResult[39m {
 [90m 4 |[39m   text[33m:[39m string[33m;[39m[0m

The export default was not found in module [project]/Documents/hack-station-f/node_modules/pdf-parse/dist/pdf-parse/esm/index.js [app-ssr] (ecmascript).
Did you mean to import Rectangle?
All exports of the module are statically known (It doesn't have dynamic exports). So it's known statically that the requested export doesn't exist.

Import traces:
  Client Component Browser:
    ./Documents/hack-station-f/src/lib/pdf-extractor.ts [Client Component Browser]
    ./Documents/hack-station-f/src/components/onboarding/KnowledgeSourceStep.tsx [Client Component Browser]
    ./Documents/hack-station-f/src/app/(dashboard)/onboarding/page.tsx [Client Component Browser]
    ./Documents/hack-station-f/src/app/(dashboard)/onboarding/page.tsx [Server Component]

  Client Component SSR:
    ./Documents/hack-station-f/src/lib/pdf-extractor.ts [Client Component SSR]
    ./Documents/hack-station-f/src/components/onboarding/KnowledgeSourceStep.tsx [Client Component SSR]
    ./Documents/hack-station-f/src/app/(dashboard)/onboarding/page.tsx [Client Component SSR]
    ./Documents/hack-station-f/src/app/(dashboard)/onboarding/page.tsx [Server Component]



./Documents/hack-station-f/src/lib/pdf-extractor.ts:1:1
Export default doesn't exist in target module
[0m[31m[1m>[22m[39m[90m 1 |[39m [36mimport[39m pdf [36mfrom[39m [32m'pdf-parse'[39m[33m;[39m
 [90m   |[39m [31m[1m^[22m[39m[31m[1m^[22m[39m[31m[1m^[22m[39m[31m[1m^[22m[39m[31m[1m^[22m[39m[31m[1m^[22m[39m[31m[1m^[22m[39m[31m[1m^[22m[39m[31m[1m^[22m[39m[31m[1m^[22m[39m[31m[1m^[22m[39m[31m[1m^[22m[39m[31m[1m^[22m[39m[31m[1m^[22m[39m[31m[1m^[22m[39m[31m[1m^[22m[39m[31m[1m^[22m[39m[31m[1m^[22m[39m[31m[1m^[22m[39m[31m[1m^[22m[39m[31m[1m^[22m[39m[31m[1m^[22m[39m[31m[1m^[22m[39m[31m[1m^[22m[39m[31m[1m^[22m[39m[31m[1m^[22m[39m[31m[1m^[22m[39m[31m[1m^[22m[39m
 [90m 2 |[39m
 [90m 3 |[39m [36mexport[39m [36minterface[39m [33mPDFExtractionResult[39m {
 [90m 4 |[39m   text[33m:[39m string[33m;[39m[0m

The export default was not found in module [project]/Documents/hack-station-f/node_modules/pdf-parse/dist/pdf-parse/web/pdf-parse.es.js [app-client] (ecmascript).
Did you mean to import Rectangle?
All exports of the module are statically known (It doesn't have dynamic exports). So it's known statically that the requested export doesn't exist.

Import traces:
  Client Component Browser:
    ./Documents/hack-station-f/src/lib/pdf-extractor.ts [Client Component Browser]
    ./Documents/hack-station-f/src/components/onboarding/KnowledgeSourceStep.tsx [Client Component Browser]
    ./Documents/hack-station-f/src/app/(dashboard)/onboarding/page.tsx [Client Component Browser]
    ./Documents/hack-station-f/src/app/(dashboard)/onboarding/page.tsx [Server Component]

  Client Component SSR:
    ./Documents/hack-station-f/src/lib/pdf-extractor.ts [Client Component SSR]
    ./Documents/hack-station-f/src/components/onboarding/KnowledgeSourceStep.tsx [Client Component SSR]
    ./Documents/hack-station-f/src/app/(dashboard)/onboarding/page.tsx [Client Component SSR]
    ./Documents/hack-station-f/src/app/(dashboard)/onboarding/page.tsx [Server Component]


 GET /onboarding 500 in 7ms (compile: 3ms, render: 4ms)
[next-auth][warn][DEBUG_ENABLED] 
https://next-auth.js.org/warnings#debug_enabled
 GET / 200 in 306ms (compile: 255ms, render: 50ms)
 GET /api/auth/session 500 in 8ms (compile: 3ms, render: 5ms)
 POST /api/auth/_log 500 in 8ms (compile: 3ms, render: 5ms)
 GET /login 200 in 235ms (compile: 188ms, render: 47ms)
 GET /register 200 in 170ms (compile: 147ms, render: 23ms)
 GET /dashboard 200 in 70ms (compile: 6ms, proxy.ts: 6ms, render: 58ms)
 GET /api/auth/session 500 in 23ms (compile: 13ms, render: 10ms)
 POST /api/auth/_log 500 in 8ms (compile: 4ms, render: 4ms)
 ✓ Compiled in 79ms
 ✓ Compiled in 19ms
 ✓ Compiled in 19ms
 ✓ Compiled in 19ms
 ✓ Compiled in 21ms
 ✓ Compiled in 23ms
