 ⚠ Warning: Next.js inferred your workspace root, but it may not be correct.
 We detected multiple lockfiles and selected the directory of /Users/guillaume_deramchi/package-lock.json as the root directory.
 To silence this warning, set `turbopack.root` in your Next.js config, or consider removing one of the lockfiles if it's not needed.
   See https://nextjs.org/docs/app/api-reference/config/next-config-js/turbopack#root-directory for more information.
 Detected additional lockfiles: 
   * /Users/guillaume_deramchi/Documents/hack-station-f/package-lock.json

   ▲ Next.js 16.0.3 (Turbopack)
   - Local:         http://localhost:3000
   - Network:       http://172.20.10.3:3000
   - Environments: .env.local, .env

 ✓ Starting...
 ⚠ The "middleware" file convention is deprecated. Please use "proxy" instead. Learn more: https://nextjs.org/docs/messages/middleware-to-proxy
 ✓ Ready in 561ms
 GET /dashboard/settings 200 in 1199ms (compile: 1073ms, proxy.ts: 37ms, render: 89ms)
[next-auth][warn][DEBUG_ENABLED] 
https://next-auth.js.org/warnings#debug_enabled
 GET /api/auth/session 200 in 746ms (compile: 738ms, render: 8ms)
 GET /api/companies 200 in 975ms (compile: 400ms, render: 575ms)
 GET /api/auth/session 200 in 18ms (compile: 8ms, render: 10ms)
[next-auth][warn][DEBUG_ENABLED] 
https://next-auth.js.org/warnings#debug_enabled
 GET / 307 in 380ms (compile: 323ms, render: 57ms)
 GET /dashboard 200 in 228ms (compile: 168ms, proxy.ts: 4ms, render: 56ms)
 GET /api/auth/session 200 in 14ms (compile: 7ms, render: 8ms)
 GET /api/companies 200 in 117ms (compile: 2ms, render: 115ms)
 GET /api/analytics/overview 200 in 744ms (compile: 103ms, render: 641ms)
 GET /api/auth/csrf 200 in 7ms (compile: 2ms, render: 5ms)
 POST /api/auth/signout 200 in 5ms (compile: 907µs, render: 4ms)
 GET /login 200 in 344ms (compile: 292ms, render: 52ms)
 GET /api/auth/session 200 in 13ms (compile: 5ms, render: 8ms)
 GET /login 200 in 68ms (compile: 34ms, render: 34ms)
 GET /login 200 in 10ms (compile: 1098µs, render: 9ms)
 GET /login 200 in 13ms (compile: 1448µs, render: 11ms)
 GET /login 200 in 13ms (compile: 1334µs, render: 12ms)
 GET /login 200 in 22ms (compile: 3ms, render: 19ms)
 GET /login 200 in 14ms (compile: 1705µs, render: 12ms)
 GET /login 200 in 13ms (compile: 1445µs, render: 11ms)
 GET /login 200 in 14ms (compile: 1383µs, render: 12ms)
 GET /login 200 in 19ms (compile: 1941µs, render: 17ms)
 GET /login 200 in 9ms (compile: 1152µs, render: 8ms)
 GET /login 200 in 9ms (compile: 1069µs, render: 8ms)
 GET /login 200 in 9ms (compile: 1111µs, render: 8ms)
 GET /login 200 in 11ms (compile: 1139µs, render: 10ms)
 GET /login 200 in 11ms (compile: 1222µs, render: 9ms)
 GET /login 200 in 11ms (compile: 1344µs, render: 10ms)
 GET /login 200 in 16ms (compile: 3ms, render: 14ms)
 GET /login 200 in 16ms (compile: 1694µs, render: 14ms)
 GET /login 200 in 13ms (compile: 1646µs, render: 12ms)
 GET /login 200 in 13ms (compile: 1697µs, render: 12ms)
 GET /login 200 in 15ms (compile: 2ms, render: 13ms)
 GET /login 200 in 16ms (compile: 1675µs, render: 14ms)
 GET /login 200 in 13ms (compile: 1641µs, render: 11ms)
 GET /login 200 in 13ms (compile: 1580µs, render: 12ms)
 GET /login 200 in 13ms (compile: 1562µs, render: 12ms)
 GET /login 200 in 11ms (compile: 886µs, render: 10ms)
 GET /login 200 in 9ms (compile: 1166µs, render: 8ms)
 GET /login 200 in 9ms (compile: 1156µs, render: 8ms)
 GET /login 200 in 12ms (compile: 1499µs, render: 11ms)
 GET /login 200 in 14ms (compile: 1432µs, render: 13ms)
 GET /login 200 in 14ms (compile: 1818µs, render: 13ms)
 GET /login 200 in 15ms (compile: 2ms, render: 13ms)
 GET /login 200 in 14ms (compile: 2ms, render: 12ms)
 GET /login 200 in 17ms (compile: 1911µs, render: 15ms)
 GET /login 200 in 17ms (compile: 3ms, render: 14ms)
 GET /login 200 in 16ms (compile: 1915µs, render: 14ms)
 GET /login 200 in 16ms (compile: 2ms, render: 14ms)
 GET /login 200 in 17ms (compile: 1841µs, render: 15ms)
 GET /login 200 in 8ms (compile: 1048µs, render: 7ms)
 GET /login 200 in 9ms (compile: 1187µs, render: 7ms)
 GET /login 200 in 8ms (compile: 1115µs, render: 7ms)
 GET /login 200 in 10ms (compile: 1027µs, render: 9ms)
 GET /login 200 in 10ms (compile: 1188µs, render: 8ms)
 GET /login 200 in 11ms (compile: 1362µs, render: 9ms)
 GET /login 200 in 12ms (compile: 1269µs, render: 11ms)
 GET /login 200 in 17ms (compile: 1695µs, render: 15ms)
 GET /login 200 in 9ms (compile: 1089µs, render: 8ms)
 GET /login 200 in 9ms (compile: 990µs, render: 8ms)
 GET /login 200 in 11ms (compile: 1210µs, render: 9ms)
 GET /login 200 in 10ms (compile: 1217µs, render: 9ms)
 GET /login 200 in 14ms (compile: 1351µs, render: 12ms)
 GET /login 200 in 18ms (compile: 3ms, render: 15ms)
 GET /login 200 in 15ms (compile: 1942µs, render: 13ms)
 GET /login 200 in 8ms (compile: 943µs, render: 8ms)
 GET /login 200 in 10ms (compile: 1191µs, render: 9ms)
 GET /login 200 in 9ms (compile: 1118µs, render: 8ms)
 GET /login 200 in 9ms (compile: 1050µs, render: 8ms)
 GET /login 200 in 10ms (compile: 1116µs, render: 9ms)
 GET /login 200 in 19ms (compile: 3ms, render: 17ms)
 GET /login 200 in 25ms (compile: 6ms, render: 20ms)
 GET /login 200 in 21ms (compile: 4ms, render: 18ms)
 GET /login 200 in 14ms (compile: 1742µs, render: 12ms)
 GET /login 200 in 16ms (compile: 1601µs, render: 15ms)
 GET /login 200 in 14ms (compile: 1864µs, render: 12ms)
 GET /login 200 in 11ms (compile: 1216µs, render: 10ms)
 GET /login 200 in 11ms (compile: 1284µs, render: 10ms)
 GET /login 200 in 12ms (compile: 1239µs, render: 11ms)
 GET /login 200 in 8ms (compile: 992µs, render: 7ms)
 GET /login 200 in 8ms (compile: 1118µs, render: 7ms)
 GET /login 200 in 9ms (compile: 1304µs, render: 8ms)
 GET /login 200 in 11ms (compile: 1073µs, render: 10ms)
 GET /login 200 in 13ms (compile: 1714µs, render: 12ms)
 GET /login 200 in 13ms (compile: 1535µs, render: 11ms)
 GET /login 200 in 13ms (compile: 1524µs, render: 12ms)
 GET /login 200 in 27ms (compile: 3ms, render: 24ms)
 GET /login 200 in 12ms (compile: 1529µs, render: 11ms)
 GET /login 200 in 10ms (compile: 1387µs, render: 9ms)
 GET /login 200 in 9ms (compile: 1083µs, render: 8ms)
 GET /login 200 in 17ms (compile: 2ms, render: 15ms)
 GET /login 200 in 10ms (compile: 1178µs, render: 8ms)
 GET /login 200 in 8ms (compile: 1150µs, render: 7ms)
 GET /login 200 in 11ms (compile: 1456µs, render: 9ms)
 GET /login 200 in 9ms (compile: 937µs, render: 8ms)
 GET /login 200 in 9ms (compile: 1127µs, render: 8ms)
 GET /login 200 in 10ms (compile: 1118µs, render: 9ms)
 GET /login 200 in 11ms (compile: 1271µs, render: 10ms)
 GET /login 200 in 15ms (compile: 1562µs, render: 13ms)
 GET /login 200 in 19ms (compile: 4ms, render: 15ms)
 GET /login 200 in 17ms (compile: 2ms, render: 15ms)
 GET /login 200 in 13ms (compile: 1855µs, render: 11ms)
 GET /login 200 in 15ms (compile: 1696µs, render: 14ms)
 GET /login 200 in 15ms (compile: 2ms, render: 13ms)
 GET /login 200 in 13ms (compile: 1938µs, render: 11ms)
 GET /login 200 in 12ms (compile: 1449µs, render: 10ms)
 GET /login 200 in 10ms (compile: 946µs, render: 9ms)
 GET /login 200 in 9ms (compile: 1112µs, render: 8ms)
 GET /login 200 in 9ms (compile: 1076µs, render: 8ms)
 GET /login 200 in 10ms (compile: 1412µs, render: 8ms)
 GET /login 200 in 14ms (compile: 1136µs, render: 13ms)
 GET /login 200 in 11ms (compile: 1198µs, render: 10ms)
 GET /login 200 in 11ms (compile: 1215µs, render: 9ms)
 GET /login 200 in 11ms (compile: 1243µs, render: 10ms)
 GET /login 200 in 15ms (compile: 2ms, render: 13ms)
 GET /login 200 in 17ms (compile: 1937µs, render: 15ms)
 GET /login 200 in 14ms (compile: 1412µs, render: 13ms)
 GET /login 200 in 14ms (compile: 1792µs, render: 12ms)
 GET /login 200 in 12ms (compile: 1584µs, render: 11ms)
 GET /login 200 in 11ms (compile: 788µs, render: 10ms)
 GET /login 200 in 50ms (compile: 26ms, render: 24ms)
 GET /login 200 in 8ms (compile: 891µs, render: 7ms)
 GET /login 200 in 10ms (compile: 1101µs, render: 9ms)
 GET /login 200 in 13ms (compile: 1342µs, render: 12ms)
 GET /login 200 in 15ms (compile: 1654µs, render: 14ms)
 GET /login 200 in 14ms (compile: 1826µs, render: 13ms)
 GET /login 200 in 19ms (compile: 3ms, render: 17ms)
 GET /login 200 in 17ms (compile: 2ms, render: 15ms)
 GET /login 200 in 11ms (compile: 1186µs, render: 9ms)
 GET /login 200 in 9ms (compile: 1024µs, render: 8ms)
 GET /login 200 in 8ms (compile: 1069µs, render: 7ms)
 GET /login 200 in 12ms (compile: 1076µs, render: 11ms)
 GET /login 200 in 10ms (compile: 1332µs, render: 9ms)
 GET /login 200 in 12ms (compile: 1507µs, render: 10ms)
 GET /login 200 in 14ms (compile: 1480µs, render: 12ms)
 GET /login 200 in 16ms (compile: 1848µs, render: 14ms)
 GET /login 200 in 15ms (compile: 2ms, render: 13ms)
 GET /login 200 in 14ms (compile: 1799µs, render: 12ms)
 GET /login 200 in 14ms (compile: 1325µs, render: 12ms)
 GET /login 200 in 14ms (compile: 1385µs, render: 13ms)
 GET /login 200 in 12ms (compile: 1303µs, render: 11ms)
 GET /login 200 in 9ms (compile: 1055µs, render: 8ms)
 GET /login 200 in 8ms (compile: 1063µs, render: 7ms)
 GET /login 200 in 9ms (compile: 1034µs, render: 8ms)
 GET /login 200 in 10ms (compile: 1476µs, render: 9ms)
 GET /login 200 in 12ms (compile: 1473µs, render: 10ms)
 GET /login 200 in 11ms (compile: 1260µs, render: 10ms)
 GET /login 200 in 16ms (compile: 1618µs, render: 14ms)
 GET /login 200 in 13ms (compile: 1797µs, render: 11ms)
 GET /login 200 in 16ms (compile: 2ms, render: 13ms)
 GET /login 200 in 12ms (compile: 1354µs, render: 11ms)
 GET /login 200 in 13ms (compile: 1601µs, render: 12ms)
 GET /login 200 in 17ms (compile: 3ms, render: 15ms)
 GET /login 200 in 19ms (compile: 3ms, render: 16ms)
 GET /login 200 in 10ms (compile: 2ms, render: 8ms)
 GET /login 200 in 8ms (compile: 918µs, render: 7ms)
 GET /login 200 in 10ms (compile: 969µs, render: 9ms)
 GET /login 200 in 10ms (compile: 1267µs, render: 8ms)
 GET /login 200 in 12ms (compile: 1055µs, render: 11ms)
 GET /login 200 in 9ms (compile: 1141µs, render: 8ms)
 GET /login 200 in 10ms (compile: 1103µs, render: 8ms)
 GET /login 200 in 11ms (compile: 1096µs, render: 10ms)
 GET /login 200 in 14ms (compile: 1344µs, render: 13ms)
 GET /login 200 in 22ms (compile: 4ms, render: 18ms)
 GET /login 200 in 16ms (compile: 2ms, render: 14ms)
 GET /login 200 in 15ms (compile: 1975µs, render: 13ms)
 GET /login 200 in 17ms (compile: 1706µs, render: 15ms)
 GET /login 200 in 14ms (compile: 1591µs, render: 12ms)
 GET /login 200 in 9ms (compile: 1365µs, render: 7ms)
 GET /login 200 in 9ms (compile: 1137µs, render: 8ms)
 GET /login 200 in 13ms (compile: 1296µs, render: 12ms)
 GET /login 200 in 13ms (compile: 1423µs, render: 12ms)
 GET /login 200 in 13ms (compile: 1442µs, render: 11ms)
 GET /login 200 in 20ms (compile: 3ms, render: 17ms)
 GET /login 200 in 19ms (compile: 2ms, render: 17ms)
 GET /login 200 in 14ms (compile: 1989µs, render: 12ms)
 GET /login 200 in 15ms (compile: 1779µs, render: 13ms)
 GET /login 200 in 15ms (compile: 1906µs, render: 13ms)
 GET /login 200 in 16ms (compile: 1768µs, render: 14ms)
 GET /login 200 in 13ms (compile: 1517µs, render: 11ms)
 GET /login 200 in 9ms (compile: 1154µs, render: 7ms)
 GET /login 200 in 9ms (compile: 1217µs, render: 8ms)
 GET /login 200 in 10ms (compile: 1202µs, render: 9ms)
 GET /login 200 in 9ms (compile: 1099µs, render: 8ms)
 GET /login 200 in 15ms (compile: 1976µs, render: 13ms)
 GET /login 200 in 14ms (compile: 1751µs, render: 12ms)
 GET /login 200 in 17ms (compile: 1850µs, render: 15ms)
 GET /login 200 in 13ms (compile: 1626µs, render: 11ms)
 GET /login 200 in 14ms (compile: 1494µs, render: 13ms)
 GET /login 200 in 13ms (compile: 1743µs, render: 11ms)
 GET /login 200 in 17ms (compile: 1647µs, render: 15ms)
 GET /login 200 in 12ms (compile: 1332µs, render: 11ms)
 GET /login 200 in 14ms (compile: 1492µs, render: 12ms)
 GET /login 200 in 13ms (compile: 1779µs, render: 11ms)
 GET /login 200 in 10ms (compile: 974µs, render: 9ms)
 GET /login 200 in 9ms (compile: 1127µs, render: 8ms)
 GET /login 200 in 9ms (compile: 1258µs, render: 7ms)
 GET /login 200 in 10ms (compile: 1120µs, render: 9ms)
 GET /login 200 in 13ms (compile: 1287µs, render: 12ms)
 GET /login 200 in 12ms (compile: 1388µs, render: 11ms)
 GET /login 200 in 15ms (compile: 1887µs, render: 13ms)
 GET /login 200 in 16ms (compile: 2ms, render: 14ms)
 GET /login 200 in 14ms (compile: 1413µs, render: 13ms)
 GET /login 200 in 13ms (compile: 1588µs, render: 11ms)
 GET /login 200 in 26ms (compile: 6ms, render: 19ms)
 GET /login 200 in 21ms (compile: 5ms, render: 16ms)
 GET /login 200 in 12ms (compile: 1434µs, render: 11ms)
 GET /login 200 in 8ms (compile: 1058µs, render: 7ms)
 GET /login 200 in 9ms (compile: 1479µs, render: 7ms)
 GET /login 200 in 9ms (compile: 1112µs, render: 8ms)
 GET /login 200 in 11ms (compile: 1050µs, render: 10ms)
 GET /login 200 in 22ms (compile: 4ms, render: 18ms)
 GET /login 200 in 17ms (compile: 3ms, render: 15ms)
 GET /login 200 in 15ms (compile: 1748µs, render: 13ms)
 GET /login 200 in 18ms (compile: 2ms, render: 16ms)
 GET /login 200 in 15ms (compile: 1981µs, render: 13ms)
 GET /login 200 in 13ms (compile: 1723µs, render: 12ms)
 GET /login 200 in 15ms (compile: 1619µs, render: 13ms)
 GET /login 200 in 15ms (compile: 1532µs, render: 14ms)
 GET /login 200 in 14ms (compile: 1351µs, render: 13ms)
 GET /login 200 in 8ms (compile: 931µs, render: 7ms)
 GET /login 200 in 9ms (compile: 1111µs, render: 7ms)
 GET /login 200 in 10ms (compile: 967µs, render: 9ms)
 GET /login 200 in 10ms (compile: 1939µs, render: 8ms)
 GET /login 200 in 10ms (compile: 1035µs, render: 9ms)
 GET /login 200 in 12ms (compile: 1228µs, render: 11ms)
 GET /login 200 in 17ms (compile: 1561µs, render: 16ms)
 GET /login 200 in 14ms (compile: 1581µs, render: 13ms)
 GET /login 200 in 14ms (compile: 1677µs, render: 13ms)
 GET /login 200 in 52ms (compile: 24ms, render: 27ms)
 GET /login 200 in 29ms (compile: 2ms, render: 27ms)
 GET /login 200 in 9ms (compile: 925µs, render: 8ms)
 GET /login 200 in 10ms (compile: 975µs, render: 9ms)
 GET /login 200 in 11ms (compile: 1196µs, render: 10ms)
 GET /login 200 in 12ms (compile: 1517µs, render: 10ms)
 GET /login 200 in 14ms (compile: 1211µs, render: 13ms)
 GET /login 200 in 15ms (compile: 2ms, render: 13ms)
 GET /login 200 in 15ms (compile: 1604µs, render: 13ms)
 GET /login 200 in 14ms (compile: 1498µs, render: 13ms)
 GET /login 200 in 11ms (compile: 1070µs, render: 10ms)
 GET /login 200 in 8ms (compile: 1001µs, render: 7ms)
 GET /login 200 in 8ms (compile: 765µs, render: 7ms)
 GET /login 200 in 10ms (compile: 1118µs, render: 9ms)
 GET /login 200 in 12ms (compile: 1105µs, render: 11ms)
 GET /login 200 in 11ms (compile: 1374µs, render: 10ms)
 GET /login 200 in 12ms (compile: 1288µs, render: 11ms)
 GET /login 200 in 13ms (compile: 1363µs, render: 11ms)
 GET /login 200 in 19ms (compile: 3ms, render: 17ms)
 GET /login 200 in 16ms (compile: 1866µs, render: 14ms)
 GET /login 200 in 19ms (compile: 4ms, render: 15ms)
 GET /login 200 in 14ms (compile: 1912µs, render: 13ms)
 GET /login 200 in 17ms (compile: 1625µs, render: 15ms)
 GET /login 200 in 8ms (compile: 1175µs, render: 6ms)
 GET /login 200 in 8ms (compile: 799µs, render: 7ms)
 GET /login 200 in 10ms (compile: 1402µs, render: 9ms)
 GET /login 200 in 13ms (compile: 1644µs, render: 12ms)
 GET /login 200 in 12ms (compile: 1397µs, render: 11ms)
 GET /login 200 in 13ms (compile: 1877µs, render: 11ms)
 GET /login 200 in 15ms (compile: 2ms, render: 13ms)
 GET /login 200 in 17ms (compile: 2ms, render: 15ms)
 GET /login 200 in 12ms (compile: 1315µs, render: 10ms)
 GET /login 200 in 9ms (compile: 1013µs, render: 8ms)
 GET /login 200 in 9ms (compile: 1530µs, render: 8ms)
 GET /login 200 in 10ms (compile: 1317µs, render: 9ms)
 GET /login 200 in 12ms (compile: 1122µs, render: 11ms)
 GET /login 200 in 17ms (compile: 3ms, render: 15ms)
 GET /login 200 in 8ms (compile: 1195µs, render: 7ms)
 GET /login 200 in 8ms (compile: 1160µs, render: 7ms)
 GET /login 200 in 11ms (compile: 1063µs, render: 10ms)
 GET /login 200 in 9ms (compile: 1030µs, render: 8ms)
 GET /login 200 in 10ms (compile: 1054µs, render: 9ms)
 GET /login 200 in 11ms (compile: 1104µs, render: 10ms)
 GET /login 200 in 14ms (compile: 1358µs, render: 13ms)
 GET /login 200 in 12ms (compile: 1330µs, render: 11ms)
 GET /login 200 in 15ms (compile: 1763µs, render: 14ms)
 GET /login 200 in 15ms (compile: 1770µs, render: 13ms)
 GET /login 200 in 17ms (compile: 1642µs, render: 16ms)
 GET /login 200 in 13ms (compile: 1401µs, render: 12ms)
 GET /login 200 in 16ms (compile: 3ms, render: 13ms)
 GET /login 200 in 15ms (compile: 1892µs, render: 13ms)
 GET /login 200 in 17ms (compile: 1641µs, render: 15ms)
 GET /login 200 in 9ms (compile: 1023µs, render: 8ms)
 GET /login 200 in 9ms (compile: 1029µs, render: 8ms)
 GET /login 200 in 9ms (compile: 1081µs, render: 8ms)
 GET /login 200 in 12ms (compile: 1109µs, render: 11ms)
 GET /login 200 in 11ms (compile: 1235µs, render: 10ms)
 GET /login 200 in 23ms (compile: 3ms, render: 20ms)
 GET /login 200 in 16ms (compile: 3ms, render: 14ms)
 GET /login 200 in 16ms (compile: 1661µs, render: 15ms)
 GET /login 200 in 14ms (compile: 1485µs, render: 12ms)
 GET /login 200 in 14ms (compile: 1512µs, render: 12ms)
 GET /login 200 in 13ms (compile: 1707µs, render: 11ms)
 GET /login 200 in 23ms (compile: 4ms, render: 19ms)
 GET /login 200 in 9ms (compile: 1192µs, render: 8ms)
 GET /login 200 in 8ms (compile: 1055µs, render: 7ms)
 GET /login 200 in 8ms (compile: 954µs, render: 7ms)
 GET /login 200 in 11ms (compile: 904µs, render: 10ms)
 GET /login 200 in 10ms (compile: 1160µs, render: 9ms)
 GET /login 200 in 11ms (compile: 1230µs, render: 10ms)
 GET /login 200 in 12ms (compile: 1312µs, render: 10ms)
 GET /login 200 in 27ms (compile: 5ms, render: 21ms)
 GET /login 200 in 19ms (compile: 4ms, render: 16ms)
 GET /login 200 in 16ms (compile: 2ms, render: 14ms)
 GET /login 200 in 14ms (compile: 1910µs, render: 12ms)
 GET /login 200 in 16ms (compile: 1619µs, render: 15ms)
 GET /login 200 in 14ms (compile: 1704µs, render: 12ms)
 GET /login 200 in 15ms (compile: 1895µs, render: 13ms)
 GET /login 200 in 8ms (compile: 1025µs, render: 7ms)
 GET /login 200 in 11ms (compile: 1015µs, render: 10ms)
 GET /login 200 in 9ms (compile: 1069µs, render: 8ms)
 GET /login 200 in 9ms (compile: 1001µs, render: 8ms)
 GET /login 200 in 11ms (compile: 1259µs, render: 10ms)
 GET /login 200 in 13ms (compile: 1204µs, render: 12ms)
 GET /login 200 in 15ms (compile: 2ms, render: 13ms)
 GET /login 200 in 13ms (compile: 1359µs, render: 12ms)
 GET /login 200 in 26ms (compile: 4ms, render: 22ms)
 GET /login 200 in 19ms (compile: 2ms, render: 17ms)
 GET /login 200 in 12ms (compile: 1372µs, render: 11ms)
 GET /login 200 in 12ms (compile: 1526µs, render: 11ms)
 GET /login 200 in 13ms (compile: 1610µs, render: 11ms)
 GET /login 200 in 10ms (compile: 1066µs, render: 9ms)
 GET /login 200 in 9ms (compile: 1148µs, render: 8ms)
 GET /login 200 in 8ms (compile: 944µs, render: 7ms)
 GET /login 200 in 9ms (compile: 910µs, render: 8ms)
 GET /login 200 in 13ms (compile: 1222µs, render: 12ms)
 GET /login 200 in 12ms (compile: 1305µs, render: 10ms)
 GET /login 200 in 12ms (compile: 1282µs, render: 11ms)
 GET /login 200 in 13ms (compile: 1464µs, render: 11ms)
 GET /login 200 in 19ms (compile: 2ms, render: 17ms)
 GET /login 200 in 14ms (compile: 1530µs, render: 12ms)
 GET /login 200 in 9ms (compile: 1265µs, render: 8ms)
 GET /login 200 in 16ms (compile: 1795µs, render: 14ms)
 GET /login 200 in 25ms (compile: 4ms, render: 21ms)
 GET /login 200 in 12ms (compile: 1466µs, render: 11ms)
 GET /login 200 in 8ms (compile: 975µs, render: 7ms)
 GET /login 200 in 9ms (compile: 1364µs, render: 8ms)
 GET /login 200 in 8ms (compile: 911µs, render: 7ms)
 GET /login 200 in 9ms (compile: 998µs, render: 8ms)
 GET /login 200 in 12ms (compile: 1099µs, render: 11ms)
 GET /login 200 in 13ms (compile: 2ms, render: 11ms)
