 ⚠ Warning: Next.js inferred your workspace root, but it may not be correct.
 We detected multiple lockfiles and selected the directory of /Users/guillaume_deramchi/package-lock.json as the root directory.
 To silence this warning, set `turbopack.root` in your Next.js config, or consider removing one of the lockfiles if it's not needed.
   See https://nextjs.org/docs/app/api-reference/config/next-config-js/turbopack#root-directory for more information.
 Detected additional lockfiles: 
   * /Users/guillaume_deramchi/Documents/hack-station-f/package-lock.json

   ▲ Next.js 16.0.3 (Turbopack)
   - Local:         http://localhost:3000
   - Network:       http://172.20.10.3:3000
   - Environments: .env.local

 ✓ Starting...
 ⚠ The "middleware" file convention is deprecated. Please use "proxy" instead. Learn more: https://nextjs.org/docs/messages/middleware-to-proxy
 ✓ Ready in 545ms
[next-auth][warn][DEBUG_ENABLED] 
https://next-auth.js.org/warnings#debug_enabled
 GET / 200 in 1218ms (compile: 1067ms, render: 151ms)
 GET /login 200 in 348ms (compile: 298ms, render: 49ms)
 GET /register 200 in 174ms (compile: 147ms, render: 27ms)
[next-auth][warn][DEBUG_ENABLED] 
https://next-auth.js.org/warnings#debug_enabled
 GET /api/auth/session 200 in 745ms (compile: 716ms, render: 29ms)
 GET /dashboard 404 in 205ms (compile: 136ms, proxy.ts: 41ms, render: 27ms)
 GET /api/auth/session 200 in 17ms (compile: 7ms, render: 11ms)
 GET / 307 in 68ms (compile: 6ms, render: 62ms)
 GET /dashboard 404 in 22ms (compile: 3ms, proxy.ts: 3ms, render: 16ms)
 GET /api/auth/session 200 in 15ms (compile: 5ms, render: 10ms)
 ✓ Compiled in 15ms
 ✓ Compiled in 16ms
