 ⚠ Warning: Next.js inferred your workspace root, but it may not be correct.
 We detected multiple lockfiles and selected the directory of /Users/guillaume_deramchi/package-lock.json as the root directory.
 To silence this warning, set `turbopack.root` in your Next.js config, or consider removing one of the lockfiles if it's not needed.
   See https://nextjs.org/docs/app/api-reference/config/next-config-js/turbopack#root-directory for more information.
 Detected additional lockfiles: 
   * /Users/guillaume_deramchi/Documents/hack-station-f/package-lock.json

   ▲ Next.js 16.0.3 (Turbopack)
   - Local:         http://localhost:3000
   - Network:       http://172.20.10.3:3000
   - Environments: .env.local, .env

 ✓ Starting...
 ⚠ The "middleware" file convention is deprecated. Please use "proxy" instead. Learn more: https://nextjs.org/docs/messages/middleware-to-proxy
 ✓ Ready in 542ms
[next-auth][warn][DEBUG_ENABLED] 
https://next-auth.js.org/warnings#debug_enabled
 GET / 200 in 1697ms (compile: 1567ms, render: 130ms)
 ⚠ Cross origin request detected from 0f59dbac194f.ngrok-free.app to /_next/* resource. In a future major version of Next.js, you will need to explicitly configure "allowedDevOrigins" in next.config to allow this.
Read more: https://nextjs.org/docs/app/api-reference/config/next-config-js/allowedDevOrigins
 GET /register 200 in 343ms (compile: 316ms, render: 26ms)
[next-auth][warn][DEBUG_ENABLED] 
https://next-auth.js.org/warnings#debug_enabled
 GET /api/auth/session 200 in 647ms (compile: 636ms, render: 11ms)
 POST /api/auth/register 201 in 1348ms (compile: 171ms, render: 1177ms)
 GET /api/auth/providers 200 in 20ms (compile: 10ms, render: 10ms)
 GET /api/auth/csrf 200 in 7ms (compile: 1311µs, render: 6ms)
 POST /api/auth/callback/credentials 200 in 1287ms (compile: 1663µs, render: 1285ms)
 GET /api/auth/session 200 in 25ms (compile: 14ms, render: 11ms)
 GET / 200 in 27ms (compile: 3ms, render: 24ms)
 GET / 200 in 12ms (compile: 1276µs, render: 11ms)
 GET /dashboard 200 in 205ms (compile: 184ms, proxy.ts: 1929µs, render: 19ms)
 GET /dashboard 200 in 239ms (compile: 198ms, proxy.ts: 34ms, render: 8ms)
 GET /api/companies 200 in 928ms (compile: 105ms, render: 822ms)
 GET /dashboard/setup 200 in 195ms (compile: 170ms, proxy.ts: 13ms, render: 11ms)
 GET /api/companies 200 in 1518ms (compile: 123ms, render: 1395ms)
 GET /api/analytics/overview 200 in 1648ms (compile: 121ms, render: 1527ms)
 GET /api/analytics/overview 200 in 1649ms (compile: 118ms, render: 1530ms)
 GET /dashboard/setup 200 in 15ms (compile: 1719µs, proxy.ts: 2ms, render: 11ms)
 GET /api/auth/session 200 in 15ms (compile: 6ms, render: 9ms)
 GET /api/auth/session 200 in 8ms (compile: 2ms, render: 5ms)
Finding leads with AI for campaign: cmi0hpns70006el8q7on4pmb2
 POST /api/setup/complete 200 in 19.0s (compile: 813ms, render: 18.2s)
Updated call cmi0hpo6m000ael8qyraa2d8f status to initiated
 POST /api/twilio/status 200 in 407ms (compile: 69ms, render: 338ms)
Updated call cmi0hpo6m000ael8qyraa2d8f status to ringing
 POST /api/twilio/status 200 in 153ms (compile: 5ms, render: 148ms)
 GET /api/calls/cmi0hpo6m000ael8qyraa2d8f/transcript 200 in 578ms (compile: 423ms, render: 154ms)
 GET /api/calls/cmi0hpo6m000ael8qyraa2d8f/transcript 200 in 66ms (compile: 3ms, render: 63ms)
Updated call cmi0hpo6m000ael8qyraa2d8f status to in-progress
 POST /api/twilio/status 200 in 192ms (compile: 6ms, render: 186ms)
 GET /api/calls/cmi0hpo6m000ael8qyraa2d8f/transcript 200 in 68ms (compile: 2ms, render: 65ms)
 GET /api/calls/cmi0hpo6m000ael8qyraa2d8f/transcript 200 in 65ms (compile: 3ms, render: 63ms)
 GET /api/calls/cmi0hpo6m000ael8qyraa2d8f/transcript 200 in 69ms (compile: 2ms, render: 67ms)
Error finding leads with AI: SyntaxError: Unexpected token 'I', "I apprecia"... is not valid JSON
    at JSON.parse (<anonymous>)
    at findLeadsWithAI (src/lib/ai/lead-finder.ts:103:37)
    at async findAndAddLeads (src/app/api/setup/complete/route.ts:285:19)
  101 |
  102 |     // Parse the leads
> 103 |     const leads: FoundLead[] = JSON.parse(jsonContent);
      |                                     ^
  104 |
  105 |     // Validate and clean the data
  106 |     const validLeads = leads.filter(lead => 
Found 1 leads with AI
Successfully added 1 AI-found leads to campaign cmi0hpns70006el8q7on4pmb2
 GET /api/calls/cmi0hpo6m000ael8qyraa2d8f/transcript 200 in 77ms (compile: 2ms, render: 74ms)
 GET /api/calls/cmi0hpo6m000ael8qyraa2d8f/transcript 200 in 149ms (compile: 1783µs, render: 147ms)
Updated call cmi0hpo6m000ael8qyraa2d8f status to completed
 POST /api/twilio/status 200 in 929ms (compile: 1871µs, render: 927ms)
 GET /api/calls/cmi0hpo6m000ael8qyraa2d8f/transcript 200 in 68ms (compile: 2ms, render: 65ms)
 GET /api/auth/session 200 in 18ms (compile: 8ms, render: 10ms)
 GET /api/auth/session 200 in 23ms (compile: 9ms, render: 14ms)
[next-auth][warn][DEBUG_ENABLED] 
https://next-auth.js.org/warnings#debug_enabled
 GET / 307 in 192ms (compile: 89ms, render: 104ms)
 GET /dashboard 200 in 95ms (compile: 13ms, proxy.ts: 42ms, render: 40ms)
[next-auth][warn][DEBUG_ENABLED] 
https://next-auth.js.org/warnings#debug_enabled
 GET /api/auth/session 200 in 23ms (compile: 16ms, render: 8ms)
 GET /api/companies 200 in 781ms (compile: 84ms, render: 697ms)
 GET /api/analytics/overview 200 in 949ms (compile: 49ms, render: 901ms)
 GET /api/auth/csrf 200 in 7ms (compile: 2ms, render: 5ms)
 POST /api/auth/signout 200 in 5ms (compile: 953µs, render: 4ms)
 GET /login 200 in 277ms (compile: 223ms, render: 54ms)
 GET /api/auth/session 200 in 45ms (compile: 3ms, render: 42ms)
 GET /register 200 in 25ms (compile: 13ms, render: 12ms)
 POST /api/auth/register 201 in 1096ms (compile: 43ms, render: 1053ms)
 GET /api/auth/providers 200 in 20ms (compile: 9ms, render: 11ms)
 GET /api/auth/csrf 200 in 8ms (compile: 1814µs, render: 6ms)
 POST /api/auth/callback/credentials 200 in 1275ms (compile: 1055µs, render: 1274ms)
 GET /api/auth/session 200 in 7ms (compile: 3ms, render: 5ms)
 GET / 200 in 15ms (compile: 3ms, render: 12ms)
 GET / 200 in 12ms (compile: 1014µs, render: 11ms)
 GET /dashboard 200 in 17ms (compile: 3ms, proxy.ts: 4ms, render: 10ms)
 GET /dashboard 200 in 15ms (compile: 1806µs, proxy.ts: 2ms, render: 11ms)
 GET /api/companies 200 in 244ms (compile: 1098µs, render: 243ms)
 GET /dashboard/setup 200 in 33ms (compile: 12ms, proxy.ts: 3ms, render: 18ms)
 GET /api/analytics/overview 200 in 394ms (compile: 1280µs, render: 392ms)
 GET /api/companies 200 in 764ms (compile: 616µs, render: 763ms)
 GET /dashboard/setup 200 in 31ms (compile: 3ms, proxy.ts: 9ms, render: 19ms)
 GET /api/analytics/overview 200 in 870ms (compile: 725µs, render: 869ms)
Finding leads with AI for campaign: cmi0i8kwf000jel8qza5s4m2l
 POST /api/setup/complete 200 in 18.0s (compile: 162ms, render: 17.9s)
Updated call cmi0i8lqd000nel8qih7mpmeo status to initiated
 POST /api/twilio/status 200 in 1107ms (compile: 29ms, render: 1078ms)
Updated call cmi0i8lqd000nel8qih7mpmeo status to ringing
 POST /api/twilio/status 200 in 325ms (compile: 3ms, render: 322ms)
 GET /api/calls/cmi0i8lqd000nel8qih7mpmeo/transcript 200 in 235ms (compile: 15ms, render: 219ms)
 GET /api/calls/cmi0i8lqd000nel8qih7mpmeo/transcript 200 in 350ms (compile: 4ms, render: 347ms)
 GET /api/calls/cmi0i8lqd000nel8qih7mpmeo/transcript 200 in 478ms (compile: 7ms, render: 471ms)
Updated call cmi0i8lqd000nel8qih7mpmeo status to in-progress
 POST /api/twilio/status 200 in 463ms (compile: 1910µs, render: 461ms)
 GET /api/calls/cmi0i8lqd000nel8qih7mpmeo/transcript 200 in 457ms (compile: 6ms, render: 451ms)
Error finding leads with AI: SyntaxError: Unexpected token 'I', "I cannot p"... is not valid JSON
    at JSON.parse (<anonymous>)
    at findLeadsWithAI (src/lib/ai/lead-finder.ts:103:37)
    at async findAndAddLeads (src/app/api/setup/complete/route.ts:285:19)
  101 |
  102 |     // Parse the leads
> 103 |     const leads: FoundLead[] = JSON.parse(jsonContent);
      |                                     ^
  104 |
  105 |     // Validate and clean the data
  106 |     const validLeads = leads.filter(lead => 
Found 1 leads with AI
Successfully added 1 AI-found leads to campaign cmi0i8kwf000jel8qza5s4m2l
 GET /api/calls/cmi0i8lqd000nel8qih7mpmeo/transcript 200 in 178ms (compile: 9ms, render: 169ms)
 GET /api/calls/cmi0i8lqd000nel8qih7mpmeo/transcript 200 in 100ms (compile: 8ms, render: 92ms)
Updated call cmi0i8lqd000nel8qih7mpmeo status to completed
 POST /api/twilio/status 200 in 1039ms (compile: 4ms, render: 1034ms)
 GET /api/calls/cmi0i8lqd000nel8qih7mpmeo/transcript 200 in 344ms (compile: 8ms, render: 336ms)
 GET /api/auth/session 200 in 20ms (compile: 9ms, render: 11ms)
 GET /api/auth/session 200 in 28ms (compile: 16ms, render: 12ms)
 GET /api/auth/session 200 in 31ms (compile: 10ms, render: 21ms)
 GET /api/auth/session 200 in 23ms (compile: 7ms, render: 16ms)
 GET / 200 in 66ms (compile: 11ms, render: 55ms)
 GET /api/auth/session 200 in 16ms (compile: 7ms, render: 9ms)
 GET /register 200 in 37ms (compile: 11ms, render: 27ms)
 POST /api/auth/register 201 in 1586ms (compile: 7ms, render: 1580ms)
 GET /api/auth/providers 200 in 20ms (compile: 11ms, render: 9ms)
 GET /api/auth/csrf 200 in 6ms (compile: 940µs, render: 5ms)
 POST /api/auth/callback/credentials 200 in 1370ms (compile: 1535µs, render: 1369ms)
 GET /api/auth/session 200 in 20ms (compile: 8ms, render: 11ms)
 GET / 200 in 14ms (compile: 3ms, render: 10ms)
 GET / 200 in 10ms (compile: 1271µs, render: 9ms)
 GET /dashboard 200 in 18ms (compile: 2ms, proxy.ts: 6ms, render: 10ms)
 GET /dashboard 200 in 13ms (compile: 1190µs, proxy.ts: 3ms, render: 8ms)
 GET /api/companies 200 in 1184ms (compile: 6ms, render: 1179ms)
 GET /api/companies 200 in 1166ms (compile: 3ms, render: 1162ms)
 GET /api/analytics/overview 200 in 1512ms (compile: 5ms, render: 1507ms)
 GET /api/analytics/overview 200 in 1517ms (compile: 4ms, render: 1513ms)
 GET /dashboard/setup 200 in 53ms (compile: 9ms, proxy.ts: 16ms, render: 28ms)
 GET /dashboard/setup 200 in 50ms (compile: 22ms, proxy.ts: 16ms, render: 13ms)
 GET /api/auth/session 200 in 24ms (compile: 10ms, render: 13ms)
 GET /api/auth/session 200 in 20ms (compile: 8ms, render: 11ms)
Finding leads with AI for campaign: cmi0iil3y000wel8qd1rbdcio
 POST /api/setup/complete 200 in 19.5s (compile: 7ms, render: 19.5s)
Updated call cmi0iilpr0010el8qnohy2yrl status to initiated
 POST /api/twilio/status 200 in 481ms (compile: 12ms, render: 469ms)
Updated call cmi0iilpr0010el8qnohy2yrl status to ringing
 POST /api/twilio/status 200 in 273ms (compile: 5ms, render: 268ms)
 GET /api/calls/cmi0iilpr0010el8qnohy2yrl/transcript 200 in 224ms (compile: 21ms, render: 203ms)
 GET /api/calls/cmi0iilpr0010el8qnohy2yrl/transcript 200 in 146ms (compile: 13ms, render: 134ms)
 GET /api/calls/cmi0iilpr0010el8qnohy2yrl/transcript 200 in 117ms (compile: 8ms, render: 110ms)
Updated call cmi0iilpr0010el8qnohy2yrl status to in-progress
 POST /api/twilio/status 200 in 397ms (compile: 4ms, render: 393ms)
 GET /api/calls/cmi0iilpr0010el8qnohy2yrl/transcript 200 in 129ms (compile: 6ms, render: 123ms)
 GET /api/calls/cmi0iilpr0010el8qnohy2yrl/transcript 200 in 148ms (compile: 5ms, render: 143ms)
Error finding leads with AI: TypeError: leads.filter is not a function
    at findLeadsWithAI (src/lib/ai/lead-finder.ts:106:30)
    at async findAndAddLeads (src/app/api/setup/complete/route.ts:285:19)
  104 |
  105 |     // Validate and clean the data
> 106 |     const validLeads = leads.filter(lead => 
      |                              ^
  107 |       lead.firstName && 
  108 |       lead.lastName && 
  109 |       lead.company && 
Found 1 leads with AI
Successfully added 1 AI-found leads to campaign cmi0iil3y000wel8qd1rbdcio
 GET /api/calls/cmi0iilpr0010el8qnohy2yrl/transcript 200 in 224ms (compile: 12ms, render: 211ms)
 GET /api/calls/cmi0iilpr0010el8qnohy2yrl/transcript 200 in 604ms (compile: 5ms, render: 599ms)
Updated call cmi0iilpr0010el8qnohy2yrl status to completed
 POST /api/twilio/status 200 in 1728ms (compile: 5ms, render: 1724ms)
 GET /api/auth/session 200 in 39ms (compile: 26ms, render: 13ms)
 GET /api/auth/session 200 in 15ms (compile: 6ms, render: 9ms)
 GET /api/auth/session 200 in 6ms (compile: 1206µs, render: 5ms)
 GET /api/auth/session 200 in 17ms (compile: 7ms, render: 10ms)
 GET /api/auth/session 200 in 18ms (compile: 7ms, render: 11ms)
 GET /api/auth/session 200 in 18ms (compile: 7ms, render: 11ms)
 GET /api/auth/session 200 in 17ms (compile: 7ms, render: 10ms)
 ✓ Compiled in 46ms
 GET /dashboard/setup 200 in 24ms (compile: 4ms, proxy.ts: 6ms, render: 14ms)
   Reload env: .env.local
 GET /dashboard/setup 200 in 118ms (compile: 44ms, proxy.ts: 32ms, render: 42ms)
 GET /dashboard/setup 200 in 135ms (compile: 54ms, proxy.ts: 33ms, render: 48ms)
 GET /dashboard/setup 200 in 35ms (compile: 5ms, proxy.ts: 13ms, render: 17ms)
 GET /dashboard/setup 200 in 31ms (compile: 3ms, proxy.ts: 9ms, render: 18ms)
 GET /dashboard/setup 200 in 33ms (compile: 5ms, proxy.ts: 7ms, render: 22ms)
 GET /dashboard/setup 200 in 27ms (compile: 5ms, proxy.ts: 5ms, render: 17ms)
 GET /dashboard/setup 200 in 14ms (compile: 1723µs, proxy.ts: 1947µs, render: 10ms)
 GET /dashboard/setup 200 in 31ms (compile: 4ms, proxy.ts: 4ms, render: 22ms)
 GET /dashboard/setup 200 in 32ms (compile: 6ms, proxy.ts: 6ms, render: 19ms)
 GET /dashboard/setup 200 in 18ms (compile: 2ms, proxy.ts: 3ms, render: 13ms)
 GET /dashboard/setup 200 in 34ms (compile: 5ms, proxy.ts: 13ms, render: 16ms)
 GET /dashboard/setup 200 in 41ms (compile: 5ms, proxy.ts: 12ms, render: 24ms)
 GET /dashboard/setup 200 in 44ms (compile: 5ms, proxy.ts: 14ms, render: 25ms)
 GET /dashboard/setup 200 in 26ms (compile: 4ms, proxy.ts: 5ms, render: 16ms)
 GET /dashboard/setup 200 in 27ms (compile: 4ms, proxy.ts: 7ms, render: 16ms)
 GET /dashboard/setup 200 in 12ms (compile: 1117µs, proxy.ts: 1788µs, render: 9ms)
 GET /dashboard/setup 200 in 35ms (compile: 5ms, proxy.ts: 8ms, render: 21ms)
 GET /dashboard/setup 200 in 40ms (compile: 8ms, proxy.ts: 10ms, render: 23ms)
 GET /dashboard/setup 200 in 12ms (compile: 1372µs, proxy.ts: 3ms, render: 8ms)
 GET /dashboard/setup 200 in 9ms (compile: 1051µs, proxy.ts: 1639µs, render: 6ms)
 GET /dashboard/setup 200 in 36ms (compile: 4ms, proxy.ts: 17ms, render: 15ms)
 GET /dashboard/setup 200 in 9ms (compile: 984µs, proxy.ts: 1570µs, render: 6ms)
 GET /dashboard/setup 200 in 35ms (compile: 4ms, proxy.ts: 6ms, render: 24ms)
 GET /dashboard/setup 200 in 11ms (compile: 1317µs, proxy.ts: 2ms, render: 8ms)
 GET /dashboard/setup 200 in 10ms (compile: 1065µs, proxy.ts: 2ms, render: 6ms)
 GET /dashboard/setup 200 in 41ms (compile: 4ms, proxy.ts: 19ms, render: 18ms)
 GET /dashboard/setup 200 in 25ms (compile: 4ms, proxy.ts: 6ms, render: 16ms)
 GET /dashboard/setup 200 in 42ms (compile: 5ms, proxy.ts: 9ms, render: 27ms)
 GET /dashboard/setup 200 in 29ms (compile: 4ms, proxy.ts: 10ms, render: 15ms)
 GET /dashboard/setup 200 in 28ms (compile: 4ms, proxy.ts: 8ms, render: 16ms)
 GET /dashboard/setup 200 in 12ms (compile: 1090µs, proxy.ts: 5ms, render: 7ms)
 GET /dashboard/setup 200 in 33ms (compile: 5ms, proxy.ts: 8ms, render: 20ms)
 GET /dashboard/setup 200 in 35ms (compile: 6ms, proxy.ts: 6ms, render: 23ms)
 GET /dashboard/setup 200 in 31ms (compile: 5ms, proxy.ts: 8ms, render: 18ms)
 GET /dashboard/setup 200 in 34ms (compile: 5ms, proxy.ts: 8ms, render: 21ms)
 GET /dashboard/setup 200 in 22ms (compile: 2ms, proxy.ts: 8ms, render: 12ms)
 GET /dashboard/setup 200 in 40ms (compile: 6ms, proxy.ts: 9ms, render: 25ms)
 GET /dashboard/setup 200 in 37ms (compile: 7ms, proxy.ts: 8ms, render: 22ms)
 GET /dashboard/setup 200 in 36ms (compile: 4ms, proxy.ts: 6ms, render: 26ms)
 GET /dashboard/setup 200 in 39ms (compile: 7ms, proxy.ts: 11ms, render: 21ms)
 GET /dashboard/setup 200 in 12ms (compile: 1399µs, proxy.ts: 2ms, render: 8ms)
 GET /dashboard/setup 200 in 36ms (compile: 3ms, proxy.ts: 18ms, render: 15ms)
 GET /dashboard/setup 200 in 35ms (compile: 5ms, proxy.ts: 9ms, render: 21ms)
 GET /dashboard/setup 200 in 37ms (compile: 5ms, proxy.ts: 9ms, render: 23ms)
 GET /dashboard/setup 200 in 9ms (compile: 951µs, proxy.ts: 1526µs, render: 6ms)
 GET /dashboard/setup 200 in 36ms (compile: 5ms, proxy.ts: 11ms, render: 21ms)
 GET /dashboard/setup 200 in 26ms (compile: 3ms, proxy.ts: 11ms, render: 12ms)
 GET /dashboard/setup 200 in 29ms (compile: 5ms, proxy.ts: 7ms, render: 17ms)
 GET /dashboard/setup 200 in 10ms (compile: 955µs, proxy.ts: 1639µs, render: 8ms)
 GET /dashboard/setup 200 in 26ms (compile: 4ms, proxy.ts: 5ms, render: 16ms)
 GET /dashboard/setup 200 in 39ms (compile: 5ms, proxy.ts: 13ms, render: 20ms)
 GET /dashboard/setup 200 in 14ms (compile: 2ms, proxy.ts: 3ms, render: 9ms)
 GET /dashboard/setup 200 in 39ms (compile: 5ms, proxy.ts: 11ms, render: 23ms)
 GET /dashboard/setup 200 in 11ms (compile: 1237µs, proxy.ts: 2ms, render: 8ms)
 GET /dashboard/setup 200 in 39ms (compile: 6ms, proxy.ts: 15ms, render: 18ms)
 GET /dashboard/setup 200 in 31ms (compile: 5ms, proxy.ts: 8ms, render: 19ms)
 GET /dashboard/setup 200 in 29ms (compile: 4ms, proxy.ts: 5ms, render: 19ms)
 GET /dashboard/setup 200 in 24ms (compile: 3ms, proxy.ts: 6ms, render: 15ms)
 GET /dashboard/setup 200 in 31ms (compile: 4ms, proxy.ts: 13ms, render: 15ms)
 GET /dashboard/setup 200 in 9ms (compile: 1075µs, proxy.ts: 1661µs, render: 6ms)
 GET /dashboard/setup 200 in 40ms (compile: 7ms, proxy.ts: 9ms, render: 23ms)
 GET /dashboard/setup 200 in 28ms (compile: 5ms, proxy.ts: 6ms, render: 16ms)
 GET /dashboard/setup 200 in 10ms (compile: 1095µs, proxy.ts: 1834µs, render: 7ms)
 GET /dashboard/setup 200 in 38ms (compile: 3ms, proxy.ts: 22ms, render: 13ms)
 GET /dashboard/setup 200 in 14ms (compile: 1724µs, proxy.ts: 3ms, render: 9ms)
 GET /dashboard/setup 200 in 41ms (compile: 4ms, proxy.ts: 6ms, render: 31ms)
 GET /dashboard/setup 200 in 23ms (compile: 3ms, proxy.ts: 5ms, render: 15ms)
 GET /dashboard/setup 200 in 18ms (compile: 2ms, proxy.ts: 3ms, render: 13ms)
 GET /dashboard/setup 200 in 16ms (compile: 1952µs, proxy.ts: 3ms, render: 11ms)
 GET /dashboard/setup 200 in 34ms (compile: 8ms, proxy.ts: 7ms, render: 18ms)
 GET /dashboard/setup 200 in 27ms (compile: 4ms, proxy.ts: 8ms, render: 15ms)
 GET /dashboard/setup 200 in 22ms (compile: 2ms, proxy.ts: 8ms, render: 12ms)
 GET /dashboard/setup 200 in 15ms (compile: 1820µs, proxy.ts: 4ms, render: 10ms)
 GET /dashboard/setup 200 in 24ms (compile: 1721µs, proxy.ts: 9ms, render: 14ms)
 GET /dashboard/setup 200 in 29ms (compile: 4ms, proxy.ts: 8ms, render: 17ms)
 GET /dashboard/setup 200 in 25ms (compile: 4ms, proxy.ts: 6ms, render: 15ms)
 GET /dashboard/setup 200 in 16ms (compile: 1947µs, proxy.ts: 6ms, render: 8ms)
 GET /dashboard/setup 200 in 33ms (compile: 7ms, proxy.ts: 7ms, render: 18ms)
 GET /dashboard/setup 200 in 17ms (compile: 1721µs, proxy.ts: 3ms, render: 12ms)
 GET /dashboard/setup 200 in 13ms (compile: 1337µs, proxy.ts: 2ms, render: 9ms)
 GET /dashboard/setup 200 in 30ms (compile: 4ms, proxy.ts: 7ms, render: 18ms)
 GET /dashboard/setup 200 in 40ms (compile: 5ms, proxy.ts: 19ms, render: 17ms)
 GET /dashboard/setup 200 in 13ms (compile: 3ms, proxy.ts: 2ms, render: 7ms)
 GET /dashboard/setup 200 in 11ms (compile: 971µs, proxy.ts: 1582µs, render: 9ms)
 GET /dashboard/setup 200 in 18ms (compile: 3ms, proxy.ts: 4ms, render: 12ms)
 GET /dashboard/setup 200 in 12ms (compile: 1450µs, proxy.ts: 2ms, render: 8ms)
 GET /dashboard/setup 200 in 38ms (compile: 5ms, proxy.ts: 16ms, render: 17ms)
 GET /dashboard/setup 200 in 38ms (compile: 6ms, proxy.ts: 12ms, render: 20ms)
 GET /dashboard/setup 200 in 43ms (compile: 5ms, proxy.ts: 11ms, render: 26ms)
 GET /dashboard/setup 200 in 35ms (compile: 3ms, proxy.ts: 17ms, render: 16ms)
 GET /dashboard/setup 200 in 37ms (compile: 6ms, proxy.ts: 9ms, render: 22ms)
 GET /dashboard/setup 200 in 39ms (compile: 6ms, proxy.ts: 10ms, render: 24ms)
 GET /dashboard/setup 200 in 10ms (compile: 1229µs, proxy.ts: 2ms, render: 7ms)
 GET /dashboard/setup 200 in 35ms (compile: 6ms, proxy.ts: 10ms, render: 19ms)
 GET /dashboard/setup 200 in 38ms (compile: 4ms, proxy.ts: 18ms, render: 16ms)
 GET /dashboard/setup 200 in 13ms (compile: 1428µs, proxy.ts: 3ms, render: 9ms)
 GET /dashboard/setup 200 in 35ms (compile: 5ms, proxy.ts: 7ms, render: 23ms)
 GET /dashboard/setup 200 in 19ms (compile: 2ms, proxy.ts: 4ms, render: 12ms)
 GET /dashboard/setup 200 in 39ms (compile: 5ms, proxy.ts: 14ms, render: 20ms)
 GET /dashboard/setup 200 in 35ms (compile: 3ms, proxy.ts: 17ms, render: 14ms)
 GET /dashboard/setup 200 in 14ms (compile: 1563µs, proxy.ts: 3ms, render: 10ms)
 GET /dashboard/setup 200 in 33ms (compile: 4ms, proxy.ts: 7ms, render: 22ms)
 GET /dashboard/setup 200 in 30ms (compile: 7ms, proxy.ts: 7ms, render: 17ms)
 GET /dashboard/setup 200 in 15ms (compile: 1876µs, proxy.ts: 3ms, render: 10ms)
 GET /dashboard/setup 200 in 19ms (compile: 2ms, proxy.ts: 6ms, render: 11ms)
 GET /dashboard/setup 200 in 40ms (compile: 7ms, proxy.ts: 12ms, render: 21ms)
