 ⚠ Warning: Next.js inferred your workspace root, but it may not be correct.
 We detected multiple lockfiles and selected the directory of /Users/guillaume_deramchi/package-lock.json as the root directory.
 To silence this warning, set `turbopack.root` in your Next.js config, or consider removing one of the lockfiles if it's not needed.
   See https://nextjs.org/docs/app/api-reference/config/next-config-js/turbopack#root-directory for more information.
 Detected additional lockfiles: 
   * /Users/guillaume_deramchi/Documents/hack-station-f/package-lock.json

   ▲ Next.js 16.0.3 (Turbopack)
   - Local:         http://localhost:3000
   - Network:       http://172.20.10.3:3000
   - Environments: .env.local

 ✓ Starting...
 ⚠ The "middleware" file convention is deprecated. Please use "proxy" instead. Learn more: https://nextjs.org/docs/messages/middleware-to-proxy
 ✓ Ready in 2.4s
   Reload env: .env.local
 GET /login 200 in 2.1s (compile: 1952ms, render: 116ms)
 GET /login 200 in 32ms (compile: 4ms, render: 27ms)
 GET /register 200 in 234ms (compile: 197ms, render: 37ms)
[next-auth][warn][DEBUG_ENABLED] 
https://next-auth.js.org/warnings#debug_enabled
 GET /api/auth/session 200 in 690ms (compile: 678ms, render: 12ms)
 GET /api/auth/providers 200 in 7ms (compile: 2ms, render: 4ms)
