 ⚠ Warning: Next.js inferred your workspace root, but it may not be correct.
 We detected multiple lockfiles and selected the directory of /Users/guillaume_deramchi/package-lock.json as the root directory.
 To silence this warning, set `turbopack.root` in your Next.js config, or consider removing one of the lockfiles if it's not needed.
   See https://nextjs.org/docs/app/api-reference/config/next-config-js/turbopack#root-directory for more information.
 Detected additional lockfiles: 
   * /Users/guillaume_deramchi/Documents/hack-station-f/package-lock.json

   ▲ Next.js 16.0.3 (Turbopack)
   - Local:         http://localhost:3000
   - Network:       http://172.20.10.3:3000
   - Environments: .env.local, .env

 ✓ Starting...
 ⚠ The "middleware" file convention is deprecated. Please use "proxy" instead. Learn more: https://nextjs.org/docs/messages/middleware-to-proxy
 ✓ Ready in 545ms
[next-auth][warn][DEBUG_ENABLED] 
https://next-auth.js.org/warnings#debug_enabled
 GET / 200 in 1682ms (compile: 1161ms, render: 521ms)
 GET /login 200 in 337ms (compile: 287ms, render: 50ms)
 GET /register 200 in 171ms (compile: 146ms, render: 25ms)
[next-auth][warn][DEBUG_ENABLED] 
https://next-auth.js.org/warnings#debug_enabled
 GET /api/auth/session 200 in 618ms (compile: 608ms, render: 10ms)
 GET /api/auth/providers 200 in 8ms (compile: 2ms, render: 5ms)
 GET /api/auth/csrf 200 in 6ms (compile: 1198µs, render: 5ms)
 GET /dashboard 200 in 402ms (compile: 266ms, proxy.ts: 9ms, render: 127ms)
 GET /api/auth/session 200 in 14ms (compile: 3ms, render: 11ms)
 GET /api/auth/session 200 in 19ms (compile: 8ms, render: 11ms)
 GET / 200 in 48ms (compile: 8ms, render: 40ms)
 GET /dashboard 200 in 51ms (compile: 4ms, proxy.ts: 4ms, render: 43ms)
 GET /dashboard 200 in 21ms (compile: 2ms, proxy.ts: 4ms, render: 15ms)
 GET /api/auth/session 200 in 17ms (compile: 5ms, render: 12ms)
 GET /onboarding 200 in 623ms (compile: 605ms, render: 18ms)
 GET /campaigns 200 in 175ms (compile: 163ms, render: 12ms)
 GET /api/campaigns 200 in 824ms (compile: 201ms, proxy.ts: 4ms, render: 619ms)
 GET /scripts 200 in 150ms (compile: 137ms, render: 12ms)
 GET /api/campaigns 200 in 1335ms (compile: 211ms, proxy.ts: 2ms, render: 1121ms)
 GET /voices 200 in 169ms (compile: 156ms, render: 13ms)
 GET /api/voices 200 in 423ms (compile: 86ms, proxy.ts: 1987µs, render: 335ms)
 GET /api/voices 200 in 484ms (compile: 74ms, proxy.ts: 4ms, render: 407ms)
 GET /analytics 200 in 732ms (compile: 720ms, render: 12ms)
 GET /api/analytics?startDate=2025-10-16T13:01:42.481Z&endDate=2025-11-15T14:01:42.481Z 200 in 89ms (compile: 82ms, render: 7ms)
 GET /api/analytics?startDate=2025-10-16T13:01:42.474Z&endDate=2025-11-15T14:01:42.474Z 200 in 100ms (compile: 91ms, render: 9ms)
 GET /analytics 200 in 9ms (compile: 1223µs, render: 7ms)
 GET /voices 200 in 10ms (compile: 1693µs, render: 9ms)
 GET /api/voices 200 in 288ms (compile: 1680µs, proxy.ts: 8ms, render: 279ms)
 GET /api/voices 200 in 472ms (compile: 1985µs, proxy.ts: 4ms, render: 467ms)
 POST /api/voices/preview 200 in 1946ms (compile: 72ms, proxy.ts: 8ms, render: 1867ms)
 POST /api/voices/preview 200 in 1749ms (compile: 3ms, proxy.ts: 2ms, render: 1743ms)
 GET /onboarding 200 in 10ms (compile: 3ms, render: 7ms)
 GET /api/auth/session 200 in 17ms (compile: 6ms, render: 11ms)
 GET /api/auth/session 200 in 12ms (compile: 4ms, render: 7ms)
 GET /api/auth/session 200 in 17ms (compile: 8ms, render: 9ms)
 GET /api/auth/session 200 in 21ms (compile: 11ms, render: 10ms)
 GET /api/auth/session 200 in 69ms (compile: 39ms, render: 29ms)
 GET /api/auth/session 200 in 17ms (compile: 9ms, render: 8ms)
 GET /api/auth/session 200 in 13ms (compile: 7ms, render: 6ms)
 GET /api/auth/session 200 in 19ms (compile: 11ms, render: 8ms)
 GET /api/auth/session 200 in 9ms (compile: 3ms, render: 6ms)
 GET /api/auth/session 200 in 23ms (compile: 8ms, render: 15ms)
 GET /api/auth/session 200 in 18ms (compile: 6ms, render: 12ms)
 GET /api/auth/session 200 in 17ms (compile: 6ms, render: 11ms)
 GET /api/auth/session 200 in 18ms (compile: 9ms, render: 9ms)
 GET /api/auth/session 200 in 14ms (compile: 6ms, render: 9ms)
 GET /api/auth/session 200 in 24ms (compile: 12ms, render: 12ms)
 GET /api/auth/session 200 in 24ms (compile: 12ms, render: 11ms)
 GET /api/auth/session 200 in 16ms (compile: 3ms, render: 13ms)
 GET /api/auth/session 200 in 17ms (compile: 7ms, render: 10ms)
 GET /api/auth/session 200 in 54ms (compile: 39ms, render: 15ms)
 POST /api/companies 201 in 1885ms (compile: 176ms, render: 1709ms)
 GET / 200 in 31ms (compile: 7ms, render: 24ms)
 GET /dashboard 200 in 51ms (compile: 6ms, proxy.ts: 15ms, render: 29ms)
 GET /dashboard 200 in 40ms (compile: 21ms, proxy.ts: 5ms, render: 14ms)
 GET /api/auth/session 200 in 29ms (compile: 18ms, render: 10ms)
 GET /voices 200 in 28ms (compile: 5ms, render: 23ms)
 GET /api/voices 200 in 391ms (compile: 5ms, proxy.ts: 7ms, render: 379ms)
 GET /api/voices 200 in 392ms (compile: 7ms, proxy.ts: 11ms, render: 375ms)
 GET /api/auth/session 200 in 16ms (compile: 6ms, render: 10ms)
 GET /campaigns 200 in 29ms (compile: 7ms, render: 22ms)
 GET /api/campaigns 200 in 191ms (compile: 3ms, proxy.ts: 5ms, render: 183ms)
 GET /api/campaigns 200 in 630ms (compile: 1589µs, proxy.ts: 5ms, render: 623ms)
 GET /campaigns/new 200 in 223ms (compile: 208ms, render: 15ms)
 GET /api/scripts 404 in 152ms (compile: 109ms, proxy.ts: 1471µs, render: 41ms)
 GET /api/scripts 404 in 158ms (compile: 126ms, proxy.ts: 1744µs, render: 31ms)
 GET /api/voices 200 in 340ms (compile: 1266µs, proxy.ts: 5ms, render: 334ms)
 GET /api/voices 200 in 359ms (compile: 1677µs, proxy.ts: 2ms, render: 355ms)
 GET /scripts 200 in 27ms (compile: 7ms, render: 21ms)
 GET /scripts/2 200 in 327ms (compile: 311ms, render: 16ms)
 GET /scripts 200 in 36ms (compile: 4ms, render: 32ms)
 GET /scripts 200 in 11ms (compile: 1243µs, render: 10ms)
 GET /api/auth/session 200 in 25ms (compile: 7ms, render: 18ms)
 GET /api/auth/session 200 in 14ms (compile: 6ms, render: 8ms)
 GET /api/auth/session 200 in 13ms (compile: 5ms, render: 8ms)
 ✓ Compiled in 92ms
 GET /scripts 200 in 123ms (compile: 67ms, render: 56ms)
 GET /scripts 200 in 11ms (compile: 1345µs, render: 10ms)
 GET /scripts 200 in 16ms (compile: 2ms, render: 13ms)
 GET /scripts 200 in 11ms (compile: 1293µs, render: 10ms)
 GET /scripts 200 in 8ms (compile: 1266µs, render: 7ms)
 GET /scripts 200 in 11ms (compile: 1453µs, render: 10ms)
 GET /scripts 200 in 17ms (compile: 4ms, render: 13ms)
 GET /scripts 200 in 13ms (compile: 1595µs, render: 11ms)
 GET /scripts 200 in 16ms (compile: 2ms, render: 14ms)
 GET /scripts 200 in 18ms (compile: 2ms, render: 16ms)
 GET /scripts 200 in 16ms (compile: 2ms, render: 13ms)
 GET /scripts 200 in 10ms (compile: 1132µs, render: 8ms)
 GET /scripts 200 in 13ms (compile: 2ms, render: 10ms)
 GET /scripts 200 in 22ms (compile: 4ms, render: 18ms)
 GET /scripts 200 in 18ms (compile: 2ms, render: 16ms)
 GET /scripts 200 in 13ms (compile: 1701µs, render: 11ms)
 GET /scripts 200 in 14ms (compile: 2ms, render: 12ms)
 ✓ Compiled in 69ms
